#
# A fatal error has been detected by the Java Runtime Environment:
#
#  EXCEPTION_ACCESS_VIOLATION (0xc0000005) at pc=0x000000006ee76520, pid=5688, tid=4184
#
# JRE version: Java(TM) SE Runtime Environment (8.0_65-b17) (build 1.8.0_65-b17)
# Java VM: Java HotSpot(TM) 64-Bit Server VM (25.65-b01 mixed mode windows-amd64 compressed oops)
# Problematic frame:
# C  [xuggle1712454038365833388.dll+0x736520]
#
# Failed to write core dump. Minidumps are not enabled by default on client versions of Windows
#
# If you would like to submit a bug report, please visit:
#   http://bugreport.java.com/bugreport/crash.jsp
# The crash happened outside the Java Virtual Machine in native code.
# See problematic frame for where to report the bug.
#

---------------  T H R E A D  ---------------

Current thread (0x0000000001db0800):  JavaThread "main" [_thread_in_native, id=4184, stack(0x0000000000530000,0x0000000000630000)]

siginfo: ExceptionCode=0xc0000005, reading address 0xffffffffffffffff

Registers:
RAX=0x000000001f4b4d70, RBX=0x000000001f1e3f10, RCX=0x000000001f4b4d70, RDX=0x0000000000000009
RSP=0x000000000062dc80, RBP=0x000000001f4b44b0, RSI=0x000000001f4b5d70, RDI=0x0000000000000004
R8 =0x000000006ee77580, R9 =0x000000006ee76490, R10=0x000000001f17db60, R11=0x000000001f4b7d00
R12=0x000000001f4b8500, R13=0x0000000000000004, R14=0x0000000000000184, R15=0x000000006fab8f20
RIP=0x000000006ee76520, EFLAGS=0x0000000000010202

Top of Stack: (sp=0x000000000062dc80)
0x000000000062dc80:   000000006ee76665 000000006ee774c5
0x000000000062dc90:   000000006ee77505 000000006ee77545
0x000000000062dca0:   000000006ee77585 000000006ee79426
0x000000000062dcb0:   000000006fa67a80 000000001f4b4d70
0x000000000062dcc0:   000000001f1e63d0 000000003e54e6ce
0x000000000062dcd0:   3fe0000000000000 0000000000000000
0x000000000062dce0:   40c7760000000000 0000000000000000
0x000000000062dcf0:   0002000200020002 0000000000000001
0x000000000062dd00:   000000001f1e73d0 000000006ea45d24
0x000000000062dd10:   3f40000000000000 0000000200000000
0x000000000062dd20:   3fe0000000000000 0000000000000000
0x000000000062dd30:   40c7760000000000 0000000000000000
0x000000000062dd40:   000000001f1f02d0 000000006fab7320
0x000000000062dd50:   0000000002000002 000000001f1e3e70
0x000000000062dd60:   0000000000000001 000000001f4b44b0
0x000000000062dd70:   000000001f4b4530 0000000000000000 

Instructions: (pc=0x000000006ee76520)
0x000000006ee76500:   c4 e3 5d 0c c0 55 c5 e4 5c c8 c5 e4 58 c0 c5 fc
0x000000006ee76510:   29 01 c5 fc 29 49 20 c3 0f 1f 84 00 00 00 00 00
0x000000006ee76520:   c5 fc 28 51 40 c5 fc 28 59 60 c5 ec 5c fb c5 ec
0x000000006ee76530:   58 d3 c5 c4 57 3d 26 41 84 00 c5 ec c6 df be c5 


Register to memory mapping:

RAX=0x000000001f4b4d70 is an unknown value
RBX=0x000000001f1e3f10 is an unknown value
RCX=0x000000001f4b4d70 is an unknown value
RDX=0x0000000000000009 is an unknown value
RSP=0x000000000062dc80 is pointing into the stack for thread: 0x0000000001db0800
RBP=0x000000001f4b44b0 is an unknown value
RSI=0x000000001f4b5d70 is an unknown value
RDI=0x0000000000000004 is an unknown value
R8 =0x000000006ee77580 is an unknown value
R9 =0x000000006ee76490 is an unknown value
R10=0x000000001f17db60 is an unknown value
R11=0x000000001f4b7d00 is an unknown value
R12=0x000000001f4b8500 is an unknown value
R13=0x0000000000000004 is an unknown value
R14=0x0000000000000184 is an unknown value
R15=0x000000006fab8f20 is an unknown value


Stack: [0x0000000000530000,0x0000000000630000],  sp=0x000000000062dc80,  free space=1015k
Native frames: (J=compiled Java code, j=interpreted, Vv=VM code, C=native code)
C  [xuggle1712454038365833388.dll+0x736520]

Java frames: (J=compiled Java code, j=interpreted, Vv=VM code)
j  com.xuggle.xuggler.XugglerJNI.IContainer_open__SWIG_1(JLcom/xuggle/xuggler/IContainer;Ljava/lang/String;IJLcom/xuggle/xuggler/IContainerFormat;ZZ)I+0
j  com.xuggle.xuggler.IContainer.open(Ljava/lang/String;Lcom/xuggle/xuggler/IContainer$Type;Lcom/xuggle/xuggler/IContainerFormat;ZZ)I+19
j  com.xuggle.mediatool.MediaReader.open()V+20
j  com.xuggle.mediatool.MediaReader.readPacket()Lcom/xuggle/xuggler/IError;+8
j  SplittVideo.main([Ljava/lang/String;)V+28
v  ~StubRoutines::call_stub

---------------  P R O C E S S  ---------------

Java Threads: ( => current thread )
  0x000000001db47800 JavaThread "Service Thread" daemon [_thread_blocked, id=2384, stack(0x000000001e490000,0x000000001e590000)]
  0x000000001db1f000 JavaThread "C1 CompilerThread3" daemon [_thread_blocked, id=7736, stack(0x000000001e390000,0x000000001e490000)]
  0x000000001db18000 JavaThread "C2 CompilerThread2" daemon [_thread_blocked, id=7128, stack(0x000000001e290000,0x000000001e390000)]
  0x000000001db12000 JavaThread "C2 CompilerThread1" daemon [_thread_blocked, id=6896, stack(0x000000001e190000,0x000000001e290000)]
  0x000000001db05800 JavaThread "C2 CompilerThread0" daemon [_thread_blocked, id=6688, stack(0x000000001e090000,0x000000001e190000)]
  0x000000001db04000 JavaThread "Attach Listener" daemon [_thread_blocked, id=7896, stack(0x000000001df90000,0x000000001e090000)]
  0x000000001db02800 JavaThread "Signal Dispatcher" daemon [_thread_blocked, id=6604, stack(0x000000001de90000,0x000000001df90000)]
  0x0000000001ea9000 JavaThread "Finalizer" daemon [_thread_blocked, id=7960, stack(0x000000001d8b0000,0x000000001d9b0000)]
  0x0000000001ea2000 JavaThread "Reference Handler" daemon [_thread_blocked, id=8164, stack(0x000000001d7b0000,0x000000001d8b0000)]
=>0x0000000001db0800 JavaThread "main" [_thread_in_native, id=4184, stack(0x0000000000530000,0x0000000000630000)]

Other Threads:
  0x000000001b9b9800 VMThread [stack: 0x000000001d6b0000,0x000000001d7b0000] [id=7028]
  0x000000001dc23000 WatcherThread [stack: 0x000000001e590000,0x000000001e690000] [id=2328]

VM state:not at safepoint (normal execution)

VM Mutex/Monitor currently owned by a thread: None

Heap:
 PSYoungGen      total 76288K, used 6554K [0x000000076b180000, 0x0000000770680000, 0x00000007c0000000)
  eden space 65536K, 10% used [0x000000076b180000,0x000000076b7e6af0,0x000000076f180000)
  from space 10752K, 0% used [0x000000076fc00000,0x000000076fc00000,0x0000000770680000)
  to   space 10752K, 0% used [0x000000076f180000,0x000000076f180000,0x000000076fc00000)
 ParOldGen       total 175104K, used 0K [0x00000006c1400000, 0x00000006cbf00000, 0x000000076b180000)
  object space 175104K, 0% used [0x00000006c1400000,0x00000006c1400000,0x00000006cbf00000)
 Metaspace       used 4318K, capacity 5024K, committed 5248K, reserved 1056768K
  class space    used 474K, capacity 528K, committed 640K, reserved 1048576K

Card table byte_map: [0x0000000011320000,0x0000000011b20000] byte_map_base: 0x000000000dd16000

Marking Bits: (ParMarkBitMap*) 0x0000000069b7a5b0
 Begin Bits: [0x0000000012870000, 0x0000000016820000)
 End Bits:   [0x0000000016820000, 0x000000001a7d0000)

Polling page: 0x0000000000630000

CodeCache: size=245760Kb used=1533Kb max_used=1533Kb free=244226Kb
 bounds [0x0000000001f60000, 0x00000000021d0000, 0x0000000010f60000]
 total_blobs=532 nmethods=217 adapters=228
 compilation: enabled

Compilation events (10 events):
Event: 2.841 Thread 0x000000001db1f000  213       1       java.security.CodeSource::getLocation (5 bytes)
Event: 2.841 Thread 0x000000001db1f000 nmethod 213 0x00000000020da290 code [0x00000000020da3e0, 0x00000000020da4f0]
Event: 2.841 Thread 0x000000001db1f000  214       1       sun.misc.URLClassPath$JarLoader::access$600 (5 bytes)
Event: 2.841 Thread 0x000000001db1f000 nmethod 214 0x00000000020d9fd0 code [0x00000000020da120, 0x00000000020da210]
Event: 2.841 Thread 0x000000001db1f000  215   !   3       java.lang.ref.ReferenceQueue::poll (28 bytes)
Event: 2.842 Thread 0x000000001db1f000 nmethod 215 0x00000000020d99d0 code [0x00000000020d9b40, 0x00000000020d9ec8]
Event: 2.842 Thread 0x000000001db1f000  216       3       java.nio.charset.CharsetEncoder::reset (11 bytes)
Event: 2.842 Thread 0x000000001db1f000 nmethod 216 0x00000000020d9590 code [0x00000000020d96e0, 0x00000000020d9910]
Event: 2.842 Thread 0x000000001db1f000  217       3       java.lang.String::endsWith (17 bytes)
Event: 2.842 Thread 0x000000001db1f000 nmethod 217 0x00000000020d90d0 code [0x00000000020d9240, 0x00000000020d9468]

GC Heap History (0 events):
No events

Deoptimization events (1 events):
Event: 0.268 Thread 0x0000000001db0800 Uncommon trap: reason=unstable_if action=reinterpret pc=0x00000000020d59ac method=java.util.zip.InflaterInputStream.read([BII)I @ 69

Internal exceptions (10 events):
Event: 0.064 Thread 0x0000000001db0800 Exception <a 'java/security/PrivilegedActionException'> (0x000000076b20b970) thrown at [C:\workspace\8-2-build-windows-amd64-cygwin\jdk8u65\4987\hotspot\src\share\vm\prims\jvm.cpp, line 1386]
Event: 0.064 Thread 0x0000000001db0800 Exception <a 'java/security/PrivilegedActionException'> (0x000000076b20ce50) thrown at [C:\workspace\8-2-build-windows-amd64-cygwin\jdk8u65\4987\hotspot\src\share\vm\prims\jvm.cpp, line 1386]
Event: 0.064 Thread 0x0000000001db0800 Exception <a 'java/security/PrivilegedActionException'> (0x000000076b20d060) thrown at [C:\workspace\8-2-build-windows-amd64-cygwin\jdk8u65\4987\hotspot\src\share\vm\prims\jvm.cpp, line 1386]
Event: 0.064 Thread 0x0000000001db0800 Exception <a 'java/security/PrivilegedActionException'> (0x000000076b20e4b0) thrown at [C:\workspace\8-2-build-windows-amd64-cygwin\jdk8u65\4987\hotspot\src\share\vm\prims\jvm.cpp, line 1386]
Event: 0.064 Thread 0x0000000001db0800 Exception <a 'java/security/PrivilegedActionException'> (0x000000076b20e6c0) thrown at [C:\workspace\8-2-build-windows-amd64-cygwin\jdk8u65\4987\hotspot\src\share\vm\prims\jvm.cpp, line 1386]
Event: 0.080 Thread 0x0000000001db0800 Exception <a 'java/security/PrivilegedActionException'> (0x000000076b2892e0) thrown at [C:\workspace\8-2-build-windows-amd64-cygwin\jdk8u65\4987\hotspot\src\share\vm\prims\jvm.cpp, line 1386]
Event: 0.080 Thread 0x0000000001db0800 Exception <a 'java/security/PrivilegedActionException'> (0x000000076b2894f0) thrown at [C:\workspace\8-2-build-windows-amd64-cygwin\jdk8u65\4987\hotspot\src\share\vm\prims\jvm.cpp, line 1386]
Event: 0.081 Thread 0x0000000001db0800 Exception <a 'java/security/PrivilegedActionException'> (0x000000076b28d520) thrown at [C:\workspace\8-2-build-windows-amd64-cygwin\jdk8u65\4987\hotspot\src\share\vm\prims\jvm.cpp, line 1386]
Event: 0.081 Thread 0x0000000001db0800 Exception <a 'java/security/PrivilegedActionException'> (0x000000076b28d730) thrown at [C:\workspace\8-2-build-windows-amd64-cygwin\jdk8u65\4987\hotspot\src\share\vm\prims\jvm.cpp, line 1386]
Event: 0.081 Thread 0x0000000001db0800 Exception <a 'java/lang/NoClassDefFoundError': org/slf4j/impl/StaticLoggerBinder> (0x000000076b28ff30) thrown at [C:\workspace\8-2-build-windows-amd64-cygwin\jdk8u65\4987\hotspot\src\share\vm\classfile\systemDictionary.cpp, line 199]

Events (10 events):
Event: 2.841 loading class com/xuggle/mediatool/AMediaListenerMixin
Event: 2.841 loading class com/xuggle/mediatool/AMediaListenerMixin done
Event: 2.841 loading class java/awt/image/RenderedImage
Event: 2.841 loading class java/awt/image/RenderedImage done
Event: 2.841 loading class com/xuggle/xuggler/IContainer$Type
Event: 2.841 loading class com/xuggle/xuggler/IContainer$Type done
Event: 2.842 loading class com/xuggle/xuggler/IContainer$Type$SwigNext
Event: 2.842 loading class com/xuggle/xuggler/IContainer$Type$SwigNext done
Event: 2.842 loading class com/xuggle/xuggler/IContainerFormat
Event: 2.842 loading class com/xuggle/xuggler/IContainerFormat done


Dynamic libraries:
0x00007ff729c50000 - 0x00007ff729c87000 	C:\Program Files\Java\jdk1.8.0_65\bin\java.exe
0x00007ff94d970000 - 0x00007ff94db1d000 	C:\windows\SYSTEM32\ntdll.dll
0x00007ff94d290000 - 0x00007ff94d3ce000 	C:\windows\system32\KERNEL32.DLL
0x00007ff94add0000 - 0x00007ff94aee5000 	C:\windows\system32\KERNELBASE.dll
0x00007ff949660000 - 0x00007ff9496ee000 	C:\windows\system32\apphelp.dll
0x00007ff9383a0000 - 0x00007ff9383f3000 	C:\windows\AppPatch\AppPatch64\AcGenral.DLL
0x00007ff94d030000 - 0x00007ff94d0da000 	C:\windows\system32\msvcrt.dll
0x00007ff94a8f0000 - 0x00007ff94a91e000 	C:\windows\SYSTEM32\SspiCli.dll
0x00007ff94cd20000 - 0x00007ff94cd74000 	C:\windows\system32\SHLWAPI.dll
0x00007ff94ce50000 - 0x00007ff94cfc7000 	C:\windows\system32\USER32.dll
0x00007ff94c840000 - 0x00007ff94c9d4000 	C:\windows\system32\ole32.dll
0x00007ff94aff0000 - 0x00007ff94c51a000 	C:\windows\system32\SHELL32.dll
0x00007ff94a060000 - 0x00007ff94a081000 	C:\windows\SYSTEM32\USERENV.dll
0x00007ff94cbb0000 - 0x00007ff94cc5a000 	C:\windows\system32\ADVAPI32.dll
0x00007ff940ff0000 - 0x00007ff94100e000 	C:\windows\SYSTEM32\MPR.dll
0x00007ff94ca60000 - 0x00007ff94cba1000 	C:\windows\system32\RPCRT4.dll
0x00007ff94c9f0000 - 0x00007ff94ca49000 	C:\windows\SYSTEM32\sechost.dll
0x00007ff94d750000 - 0x00007ff94d961000 	C:\windows\SYSTEM32\combase.dll
0x00007ff94c6f0000 - 0x00007ff94c840000 	C:\windows\system32\GDI32.dll
0x00007ff94aac0000 - 0x00007ff94aad5000 	C:\windows\SYSTEM32\profapi.dll
0x00007ff949010000 - 0x00007ff9490c2000 	C:\windows\SYSTEM32\SHCORE.dll
0x00007ff94d680000 - 0x00007ff94d6b6000 	C:\windows\system32\IMM32.DLL
0x00007ff94c520000 - 0x00007ff94c672000 	C:\windows\system32\MSCTF.dll
0x00007ff948b80000 - 0x00007ff948dfb000 	C:\windows\WinSxS\amd64_microsoft.windows.common-controls_6595b64144ccf1df_6.0.9600.18006_none_623f33d3ecbe86e8\COMCTL32.dll
0x0000000069290000 - 0x0000000069362000 	C:\Program Files\Java\jdk1.8.0_65\jre\bin\msvcr100.dll
0x0000000069370000 - 0x0000000069bf9000 	C:\Program Files\Java\jdk1.8.0_65\jre\bin\server\jvm.dll
0x00007ff9417b0000 - 0x00007ff9417b9000 	C:\windows\SYSTEM32\WSOCK32.dll
0x00007ff946f10000 - 0x00007ff946f32000 	C:\windows\SYSTEM32\WINMM.dll
0x00007ff946f40000 - 0x00007ff946f4a000 	C:\windows\SYSTEM32\VERSION.dll
0x00007ff94d740000 - 0x00007ff94d747000 	C:\windows\system32\PSAPI.DLL
0x00007ff94d6c0000 - 0x00007ff94d71a000 	C:\windows\system32\WS2_32.dll
0x00007ff9464e0000 - 0x00007ff94650a000 	C:\windows\SYSTEM32\WINMMBASE.dll
0x00007ff94c9e0000 - 0x00007ff94c9e9000 	C:\windows\system32\NSI.dll
0x00007ff94aef0000 - 0x00007ff94af3f000 	C:\windows\SYSTEM32\cfgmgr32.dll
0x00007ff9498c0000 - 0x00007ff9498e8000 	C:\windows\SYSTEM32\DEVOBJ.dll
0x0000000069240000 - 0x000000006924f000 	C:\Program Files\Java\jdk1.8.0_65\jre\bin\verify.dll
0x0000000069210000 - 0x0000000069239000 	C:\Program Files\Java\jdk1.8.0_65\jre\bin\java.dll
0x00000000691f0000 - 0x0000000069206000 	C:\Program Files\Java\jdk1.8.0_65\jre\bin\zip.dll
0x00007ff94a330000 - 0x00007ff94a350000 	C:\windows\SYSTEM32\CRYPTSP.dll
0x00007ff949f50000 - 0x00007ff949f86000 	C:\windows\system32\rsaenh.dll
0x00007ff94a5e0000 - 0x00007ff94a606000 	C:\windows\SYSTEM32\bcrypt.dll
0x00007ff94a920000 - 0x00007ff94a983000 	C:\windows\system32\bcryptprimitives.dll
0x00007ff94a990000 - 0x00007ff94a99b000 	C:\windows\SYSTEM32\CRYPTBASE.dll
0x00000000691d0000 - 0x00000000691ea000 	C:\Program Files\Java\jdk1.8.0_65\jre\bin\net.dll
0x00007ff94a2d0000 - 0x00007ff94a329000 	C:\windows\system32\mswsock.dll
0x00007ff945030000 - 0x00007ff94505a000 	C:\windows\SYSTEM32\IPHLPAPI.DLL
0x00007ff945010000 - 0x00007ff94501a000 	C:\windows\SYSTEM32\WINNSI.DLL
0x00007ff944ae0000 - 0x00007ff944af6000 	C:\windows\SYSTEM32\dhcpcsvc6.DLL
0x00007ff944ce0000 - 0x00007ff944cfa000 	C:\windows\SYSTEM32\dhcpcsvc.DLL
0x00000000691b0000 - 0x00000000691c1000 	C:\Program Files\Java\jdk1.8.0_65\jre\bin\nio.dll
0x000000006e740000 - 0x000000006fda5000 	C:\Users\lenovo\AppData\Local\Temp\xuggle\xuggle1712454038365833388.dll
0x00007ff939c70000 - 0x00007ff939c87000 	C:\windows\SYSTEM32\AVICAP32.dll
0x00007ff939070000 - 0x00007ff939099000 	C:\windows\SYSTEM32\MSVFW32.dll
0x00007ff93a3e0000 - 0x00007ff93a569000 	C:\windows\SYSTEM32\dbghelp.dll

VM Arguments:
jvm_args: -Dfile.encoding=UTF-8 
java_command: SplittVideo
java_class_path (initial): C:\Users\lenovo\Downloads\Xuggle librarys\slf4j-api-1.7.19.jar;C:\Users\lenovo\Downloads\Xuggle librarys\xuggle-xuggler-5.4.jar;C:\Users\lenovo\Downloads\ClientServerGUIMultipleBoth\Server\build\classes
Launcher Type: SUN_STANDARD

Environment Variables:
PATH=C:\ProgramData\Oracle\Java\javapath;C:\Program Files (x86)\Lenovo\FusionEngine;C:\Program Files (x86)\Intel\iCLS Client\;C:\Program Files\Intel\iCLS Client\;C:\windows\system32;C:\windows;C:\windows\System32\Wbem;C:\windows\System32\WindowsPowerShell\v1.0\;C:\Program Files\Intel\Intel(R) Management Engine Components\DAL;C:\Program Files\Intel\Intel(R) Management Engine Components\IPT;C:\Program Files (x86)\Intel\Intel(R) Management Engine Components\DAL;C:\Program Files (x86)\Intel\Intel(R) Management Engine Components\IPT;C:\Program Files\Intel\WiFi\bin\;C:\Program Files\Common Files\Intel\WirelessCommon\;C:\Program Files (x86)\Lenovo\Motion Control\;C:\Program Files (x86)\Common Files\lenovo\easyplussdk\bin;C:\Program Files (x86)\NVIDIA Corporation\PhysX\Common;C:\Users\lenovo\Anaconda3;C:\Users\lenovo\Anaconda3\Scripts;C:\Users\lenovo\Anaconda3\Library\bin
USERNAME=lenovo
OS=Windows_NT
PROCESSOR_IDENTIFIER=Intel64 Family 6 Model 60 Stepping 3, GenuineIntel



---------------  S Y S T E M  ---------------

OS: Windows 8.1 , 64 bit Build 9600 (6.3.9600.17415)

CPU:total 8 (4 cores per cpu, 2 threads per core) family 6 model 60 stepping 3, cmov, cx8, fxsr, mmx, sse, sse2, sse3, ssse3, sse4.1, sse4.2, popcnt, avx, avx2, aes, clmul, erms, lzcnt, ht, tsc, tscinvbit, bmi1, bmi2

Memory: 4k page, physical 16687384k(11649112k free), swap 19177752k(13384812k free)

vm_info: Java HotSpot(TM) 64-Bit Server VM (25.65-b01) for windows-amd64 JRE (1.8.0_65-b17), built on Oct  6 2015 16:39:20 by "java_re" with MS VC++ 10.0 (VS2010)

time: Thu Apr 07 12:54:30 2016
elapsed time: 2 seconds (0d 0h 0m 2s)

