#
# A fatal error has been detected by the Java Runtime Environment:
#
#  EXCEPTION_ACCESS_VIOLATION (0xc0000005) at pc=0x000000006ee76520, pid=8936, tid=6812
#
# JRE version: Java(TM) SE Runtime Environment (8.0_65-b17) (build 1.8.0_65-b17)
# Java VM: Java HotSpot(TM) 64-Bit Server VM (25.65-b01 mixed mode windows-amd64 compressed oops)
# Problematic frame:
# C  [xuggle7773779588273741808.dll+0x736520]
#
# Failed to write core dump. Minidumps are not enabled by default on client versions of Windows
#
# If you would like to submit a bug report, please visit:
#   http://bugreport.java.com/bugreport/crash.jsp
# The crash happened outside the Java Virtual Machine in native code.
# See problematic frame for where to report the bug.
#

---------------  T H R E A D  ---------------

Current thread (0x000000001f795800):  JavaThread "Thread-4" [_thread_in_native, id=6812, stack(0x0000000029b10000,0x0000000029c10000)]

siginfo: ExceptionCode=0xc0000005, reading address 0xffffffffffffffff

Registers:
RAX=0x0000000024b8cdf0, RBX=0x000000002c0d5110, RCX=0x0000000024b8cdf0, RDX=0x0000000000000009
RSP=0x0000000029c0d990, RBP=0x0000000024b8c530, RSI=0x0000000024b8ddf0, RDI=0x0000000000000004
R8 =0x000000006ee77580, R9 =0x000000006ee76490, R10=0x00000000209fd840, R11=0x000000002bbbdfb0
R12=0x000000002bbbe7b0, R13=0x0000000000000004, R14=0x0000000000000184, R15=0x000000006fab8f20
RIP=0x000000006ee76520, EFLAGS=0x0000000000010202

Top of Stack: (sp=0x0000000029c0d990)
0x0000000029c0d990:   000000006ee76665 000000006ee774c5
0x0000000029c0d9a0:   000000006ee77505 000000006ee77545
0x0000000029c0d9b0:   000000006ee77585 000000006ee79426
0x0000000029c0d9c0:   000000006fa67a80 0000000024b8cdf0
0x0000000029c0d9d0:   000000002c0d75d0 00000000026474c0
0x0000000029c0d9e0:   3fe0000000000000 0000000000000000
0x0000000029c0d9f0:   40c7760000000000 0000000000000000
0x0000000029c0da00:   3fe0000000000000 0000000000000001
0x0000000029c0da10:   000000002c0d85d0 000000006ea45d24
0x0000000029c0da20:   3f40624dd2f1a9fc 0000000000000000
0x0000000029c0da30:   0000000000000000 0000000000000000
0x0000000029c0da40:   0000000000000000 0000000000000000
0x0000000029c0da50:   000000002c0e14d0 000000006fab7320
0x0000000029c0da60:   000000001bafa87d 000000002c0d5070
0x0000000029c0da70:   0000000000000001 0000000024b8c530
0x0000000029c0da80:   0000000024b8c5b0 0000000000000000 

Instructions: (pc=0x000000006ee76520)
0x000000006ee76500:   c4 e3 5d 0c c0 55 c5 e4 5c c8 c5 e4 58 c0 c5 fc
0x000000006ee76510:   29 01 c5 fc 29 49 20 c3 0f 1f 84 00 00 00 00 00
0x000000006ee76520:   c5 fc 28 51 40 c5 fc 28 59 60 c5 ec 5c fb c5 ec
0x000000006ee76530:   58 d3 c5 c4 57 3d 26 41 84 00 c5 ec c6 df be c5 


Register to memory mapping:

RAX=0x0000000024b8cdf0 is an unknown value
RBX=0x000000002c0d5110 is an unknown value
RCX=0x0000000024b8cdf0 is an unknown value
RDX=0x0000000000000009 is an unknown value
RSP=0x0000000029c0d990 is pointing into the stack for thread: 0x000000001f795800
RBP=0x0000000024b8c530 is an unknown value
RSI=0x0000000024b8ddf0 is an unknown value
RDI=0x0000000000000004 is an unknown value
R8 =0x000000006ee77580 is an unknown value
R9 =0x000000006ee76490 is an unknown value
R10=0x00000000209fd840 is an unknown value
R11=0x000000002bbbdfb0 is an unknown value
R12=0x000000002bbbe7b0 is an unknown value
R13=0x0000000000000004 is an unknown value
R14=0x0000000000000184 is an unknown value
R15=0x000000006fab8f20 is an unknown value


Stack: [0x0000000029b10000,0x0000000029c10000],  sp=0x0000000029c0d990,  free space=1014k
Native frames: (J=compiled Java code, j=interpreted, Vv=VM code, C=native code)
C  [xuggle7773779588273741808.dll+0x736520]

Java frames: (J=compiled Java code, j=interpreted, Vv=VM code)
j  com.xuggle.xuggler.XugglerJNI.IContainer_open__SWIG_1(JLcom/xuggle/xuggler/IContainer;Ljava/lang/String;IJLcom/xuggle/xuggler/IContainerFormat;ZZ)I+0
j  com.xuggle.xuggler.IContainer.open(Ljava/lang/String;Lcom/xuggle/xuggler/IContainer$Type;Lcom/xuggle/xuggler/IContainerFormat;ZZ)I+19
j  com.xuggle.mediatool.MediaReader.open()V+20
J 1201 C2 com.xuggle.mediatool.MediaReader.readPacket()Lcom/xuggle/xuggler/IError; (172 bytes) @ 0x00000000029f9fb8 [0x00000000029f6c20+0x3398]
j  ServerClass.run()V+55
j  java.lang.Thread.run()V+11
v  ~StubRoutines::call_stub

---------------  P R O C E S S  ---------------

Java Threads: ( => current thread )
=>0x000000001f795800 JavaThread "Thread-4" [_thread_in_native, id=6812, stack(0x0000000029b10000,0x0000000029c10000)]
  0x0000000025932800 JavaThread "Thread-2" [_thread_in_vm, id=8944, stack(0x0000000026410000,0x0000000026510000)]
  0x000000001f18b000 JavaThread "Java2D Disposer" daemon [_thread_blocked, id=9948, stack(0x0000000023d50000,0x0000000023e50000)]
  0x000000001e309000 JavaThread "Thread-0" [_thread_in_vm, id=14304, stack(0x000000001ed60000,0x000000001ee60000)]
  0x000000001e27f000 JavaThread "Service Thread" daemon [_thread_blocked, id=9316, stack(0x000000001eb60000,0x000000001ec60000)]
  0x000000001e1eb000 JavaThread "C1 CompilerThread3" daemon [_thread_blocked, id=9608, stack(0x000000001ea60000,0x000000001eb60000)]
  0x000000001e1dd000 JavaThread "C2 CompilerThread2" daemon [_thread_blocked, id=13148, stack(0x000000001e960000,0x000000001ea60000)]
  0x000000001e1db000 JavaThread "C2 CompilerThread1" daemon [_thread_blocked, id=6192, stack(0x000000001e860000,0x000000001e960000)]
  0x000000001e1d3800 JavaThread "C2 CompilerThread0" daemon [_thread_blocked, id=13308, stack(0x000000001e760000,0x000000001e860000)]
  0x000000001e1d2800 JavaThread "Attach Listener" daemon [_thread_blocked, id=11060, stack(0x000000001e660000,0x000000001e760000)]
  0x000000001e1d1800 JavaThread "Signal Dispatcher" daemon [_thread_blocked, id=14072, stack(0x000000001e560000,0x000000001e660000)]
  0x000000000263a000 JavaThread "Finalizer" daemon [_thread_blocked, id=5328, stack(0x000000001df80000,0x000000001e080000)]
  0x0000000002633000 JavaThread "Reference Handler" daemon [_thread_blocked, id=6624, stack(0x000000001de80000,0x000000001df80000)]
  0x0000000002540800 JavaThread "main" [_thread_in_native, id=13572, stack(0x0000000002440000,0x0000000002540000)]

Other Threads:
  0x000000001c099800 VMThread [stack: 0x000000001dd80000,0x000000001de80000] [id=3144]
  0x000000001e2f3000 WatcherThread [stack: 0x000000001ec60000,0x000000001ed60000] [id=12132]

VM state:not at safepoint (normal execution)

VM Mutex/Monitor currently owned by a thread: None

Heap:
 PSYoungGen      total 975872K, used 320050K [0x000000076b180000, 0x00000007a7c00000, 0x00000007c0000000)
  eden space 962048K, 32% used [0x000000076b180000,0x000000077e1529f0,0x00000007a5d00000)
  from space 13824K, 64% used [0x00000007a6e80000,0x00000007a773a0b0,0x00000007a7c00000)
  to   space 15872K, 0% used [0x00000007a5d00000,0x00000007a5d00000,0x00000007a6c80000)
 ParOldGen       total 126976K, used 125297K [0x00000006c1400000, 0x00000006c9000000, 0x000000076b180000)
  object space 126976K, 98% used [0x00000006c1400000,0x00000006c8e5c548,0x00000006c9000000)
 Metaspace       used 7919K, capacity 8034K, committed 8064K, reserved 1056768K
  class space    used 842K, capacity 889K, committed 896K, reserved 1048576K

Card table byte_map: [0x0000000011a00000,0x0000000012200000] byte_map_base: 0x000000000e3f6000

Marking Bits: (ParMarkBitMap*) 0x0000000068dfa5b0
 Begin Bits: [0x0000000012f50000, 0x0000000016f00000)
 End Bits:   [0x0000000016f00000, 0x000000001aeb0000)

Polling page: 0x0000000000d50000

CodeCache: size=245760Kb used=3752Kb max_used=3842Kb free=242007Kb
 bounds [0x0000000002640000, 0x0000000002a10000, 0x0000000011640000]
 total_blobs=1493 nmethods=1098 adapters=308
 compilation: enabled

Compilation events (10 events):
Event: 67.719 Thread 0x000000001e1eb000 nmethod 1210 0x00000000029ebad0 code [0x00000000029ebd60, 0x00000000029ece68]
Event: 68.057 Thread 0x000000001e1d3800 1211       4       java.lang.String::substring (79 bytes)
Event: 68.063 Thread 0x000000001e1d3800 nmethod 1211 0x0000000002751cd0 code [0x0000000002751e40, 0x0000000002752258]
Event: 68.303 Thread 0x000000001e1dd000 nmethod 1201 0x00000000029f6390 code [0x00000000029f6c20, 0x00000000029fd040]
Event: 69.985 Thread 0x000000001e1db000 1212       4       java.util.Formatter$Flags::contains (22 bytes)
Event: 69.985 Thread 0x000000001e1db000 nmethod 1212 0x0000000002881550 code [0x0000000002881680, 0x0000000002881718]
Event: 70.459 Thread 0x000000001e1d3800 1213   !   4       java.net.AbstractPlainSocketImpl::acquireFD (29 bytes)
Event: 70.461 Thread 0x000000001e1d3800 nmethod 1213 0x0000000002750250 code [0x0000000002750380, 0x00000000027505b8]
Event: 71.276 Thread 0x000000001e1dd000 1214       4       java.util.regex.Matcher::reset (83 bytes)
Event: 71.280 Thread 0x000000001e1dd000 nmethod 1214 0x000000000288f6d0 code [0x000000000288f820, 0x000000000288f9b8]

GC Heap History (10 events):
Event: 69.017 GC heap before
{Heap before GC invocations=151 (full 3):
 PSYoungGen      total 711680K, used 702792K [0x000000076b180000, 0x000000079ce00000, 0x00000007c0000000)
  eden space 693760K, 100% used [0x000000076b180000,0x0000000795700000,0x0000000795700000)
  from space 17920K, 50% used [0x0000000795700000,0x0000000795fd2180,0x0000000796880000)
  to   space 17408K, 0% used [0x000000079bd00000,0x000000079bd00000,0x000000079ce00000)
 ParOldGen       total 115200K, used 17600K [0x00000006c1400000, 0x00000006c8480000, 0x000000076b180000)
  object space 115200K, 15% used [0x00000006c1400000,0x00000006c2530360,0x00000006c8480000)
 Metaspace       used 7919K, capacity 8034K, committed 8064K, reserved 1056768K
  class space    used 842K, capacity 889K, committed 896K, reserved 1048576K
Event: 69.021 GC heap after
Heap after GC invocations=151 (full 3):
 PSYoungGen      total 796160K, used 9032K [0x000000076b180000, 0x000000079cc80000, 0x00000007c0000000)
  eden space 780288K, 0% used [0x000000076b180000,0x000000076b180000,0x000000079ab80000)
  from space 15872K, 56% used [0x000000079bd00000,0x000000079c5d20b0,0x000000079cc80000)
  to   space 16896K, 0% used [0x000000079ab80000,0x000000079ab80000,0x000000079bc00000)
 ParOldGen       total 115200K, used 17800K [0x00000006c1400000, 0x00000006c8480000, 0x000000076b180000)
  object space 115200K, 15% used [0x00000006c1400000,0x00000006c2562360,0x00000006c8480000)
 Metaspace       used 7919K, capacity 8034K, committed 8064K, reserved 1056768K
  class space    used 842K, capacity 889K, committed 896K, reserved 1048576K
}
Event: 69.580 GC heap before
{Heap before GC invocations=152 (full 3):
 PSYoungGen      total 796160K, used 789320K [0x000000076b180000, 0x000000079cc80000, 0x00000007c0000000)
  eden space 780288K, 100% used [0x000000076b180000,0x000000079ab80000,0x000000079ab80000)
  from space 15872K, 56% used [0x000000079bd00000,0x000000079c5d20b0,0x000000079cc80000)
  to   space 16896K, 0% used [0x000000079ab80000,0x000000079ab80000,0x000000079bc00000)
 ParOldGen       total 115200K, used 52307K [0x00000006c1400000, 0x00000006c8480000, 0x000000076b180000)
  object space 115200K, 45% used [0x00000006c1400000,0x00000006c4714c20,0x00000006c8480000)
 Metaspace       used 7919K, capacity 8034K, committed 8064K, reserved 1056768K
  class space    used 842K, capacity 889K, committed 896K, reserved 1048576K
Event: 69.584 GC heap after
Heap after GC invocations=152 (full 3):
 PSYoungGen      total 797184K, used 9032K [0x000000076b180000, 0x00000007a2780000, 0x00000007c0000000)
  eden space 780288K, 0% used [0x000000076b180000,0x000000076b180000,0x000000079ab80000)
  from space 16896K, 53% used [0x000000079ab80000,0x000000079b4520b0,0x000000079bc00000)
  to   space 16384K, 0% used [0x00000007a1780000,0x00000007a1780000,0x00000007a2780000)
 ParOldGen       total 115200K, used 52515K [0x00000006c1400000, 0x00000006c8480000, 0x000000076b180000)
  object space 115200K, 45% used [0x00000006c1400000,0x00000006c4748c30,0x00000006c8480000)
 Metaspace       used 7919K, capacity 8034K, committed 8064K, reserved 1056768K
  class space    used 842K, capacity 889K, committed 896K, reserved 1048576K
}
Event: 70.070 GC heap before
{Heap before GC invocations=153 (full 3):
 PSYoungGen      total 797184K, used 789320K [0x000000076b180000, 0x00000007a2780000, 0x00000007c0000000)
  eden space 780288K, 100% used [0x000000076b180000,0x000000079ab80000,0x000000079ab80000)
  from space 16896K, 53% used [0x000000079ab80000,0x000000079b4520b0,0x000000079bc00000)
  to   space 16384K, 0% used [0x00000007a1780000,0x00000007a1780000,0x00000007a2780000)
 ParOldGen       total 115200K, used 95136K [0x00000006c1400000, 0x00000006c8480000, 0x000000076b180000)
  object space 115200K, 82% used [0x00000006c1400000,0x00000006c70e80a0,0x00000006c8480000)
 Metaspace       used 7919K, capacity 8034K, committed 8064K, reserved 1056768K
  class space    used 842K, capacity 889K, committed 896K, reserved 1048576K
Event: 70.072 GC heap after
Heap after GC invocations=153 (full 3):
 PSYoungGen      total 877568K, used 576K [0x000000076b180000, 0x00000007a2180000, 0x00000007c0000000)
  eden space 867328K, 0% used [0x000000076b180000,0x000000076b180000,0x00000007a0080000)
  from space 10240K, 5% used [0x00000007a1780000,0x00000007a1810000,0x00000007a2180000)
  to   space 16896K, 0% used [0x00000007a0080000,0x00000007a0080000,0x00000007a1100000)
 ParOldGen       total 115200K, used 95376K [0x00000006c1400000, 0x00000006c8480000, 0x000000076b180000)
  object space 115200K, 82% used [0x00000006c1400000,0x00000006c71240a0,0x00000006c8480000)
 Metaspace       used 7919K, capacity 8034K, committed 8064K, reserved 1056768K
  class space    used 842K, capacity 889K, committed 896K, reserved 1048576K
}
Event: 70.577 GC heap before
{Heap before GC invocations=154 (full 3):
 PSYoungGen      total 877568K, used 867198K [0x000000076b180000, 0x00000007a2180000, 0x00000007c0000000)
  eden space 867328K, 99% used [0x000000076b180000,0x000000079ffcf958,0x00000007a0080000)
  from space 10240K, 5% used [0x00000007a1780000,0x00000007a1810000,0x00000007a2180000)
  to   space 16896K, 0% used [0x00000007a0080000,0x00000007a0080000,0x00000007a1100000)
 ParOldGen       total 115200K, used 96441K [0x00000006c1400000, 0x00000006c8480000, 0x000000076b180000)
  object space 115200K, 83% used [0x00000006c1400000,0x00000006c722e4e0,0x00000006c8480000)
 Metaspace       used 7919K, capacity 8034K, committed 8064K, reserved 1056768K
  class space    used 842K, capacity 889K, committed 896K, reserved 1048576K
Event: 70.581 GC heap after
Heap after GC invocations=154 (full 3):
 PSYoungGen      total 884224K, used 9032K [0x000000076b180000, 0x00000007a7e80000, 0x00000007c0000000)
  eden space 867328K, 0% used [0x000000076b180000,0x000000076b180000,0x00000007a0080000)
  from space 16896K, 53% used [0x00000007a0080000,0x00000007a09520b0,0x00000007a1100000)
  to   space 16384K, 0% used [0x00000007a6e80000,0x00000007a6e80000,0x00000007a7e80000)
 ParOldGen       total 115200K, used 96473K [0x00000006c1400000, 0x00000006c8480000, 0x000000076b180000)
  object space 115200K, 83% used [0x00000006c1400000,0x00000006c72364e0,0x00000006c8480000)
 Metaspace       used 7919K, capacity 8034K, committed 8064K, reserved 1056768K
  class space    used 842K, capacity 889K, committed 896K, reserved 1048576K
}
Event: 71.154 GC heap before
{Heap before GC invocations=155 (full 3):
 PSYoungGen      total 884224K, used 876360K [0x000000076b180000, 0x00000007a7e80000, 0x00000007c0000000)
  eden space 867328K, 100% used [0x000000076b180000,0x00000007a0080000,0x00000007a0080000)
  from space 16896K, 53% used [0x00000007a0080000,0x00000007a09520b0,0x00000007a1100000)
  to   space 16384K, 0% used [0x00000007a6e80000,0x00000007a6e80000,0x00000007a7e80000)
 ParOldGen       total 126976K, used 125281K [0x00000006c1400000, 0x00000006c9000000, 0x000000076b180000)
  object space 126976K, 98% used [0x00000006c1400000,0x00000006c8e58548,0x00000006c9000000)
 Metaspace       used 7919K, capacity 8034K, committed 8064K, reserved 1056768K
  class space    used 842K, capacity 889K, committed 896K, reserved 1048576K
Event: 71.157 GC heap after
Heap after GC invocations=155 (full 3):
 PSYoungGen      total 975872K, used 8936K [0x000000076b180000, 0x00000007a7c00000, 0x00000007c0000000)
  eden space 962048K, 0% used [0x000000076b180000,0x000000076b180000,0x00000007a5d00000)
  from space 13824K, 64% used [0x00000007a6e80000,0x00000007a773a0b0,0x00000007a7c00000)
  to   space 15872K, 0% used [0x00000007a5d00000,0x00000007a5d00000,0x00000007a6c80000)
 ParOldGen       total 126976K, used 125297K [0x00000006c1400000, 0x00000006c9000000, 0x000000076b180000)
  object space 126976K, 98% used [0x00000006c1400000,0x00000006c8e5c548,0x00000006c9000000)
 Metaspace       used 7919K, capacity 8034K, committed 8064K, reserved 1056768K
  class space    used 842K, capacity 889K, committed 896K, reserved 1048576K
}

Deoptimization events (10 events):
Event: 58.422 Thread 0x0000000025932800 Uncommon trap: reason=unstable_if action=reinterpret pc=0x000000000298dc78 method=java.net.AbstractPlainSocketImpl.getOutputStream()Ljava/io/OutputStream; @ 45
Event: 58.495 Thread 0x0000000025932800 Uncommon trap: reason=unstable_if action=reinterpret pc=0x0000000002843210 method=java.util.concurrent.locks.ReentrantLock$NonfairSync.lock()V @ 6
Event: 58.496 Thread 0x0000000025932800 Uncommon trap: reason=unstable_if action=reinterpret pc=0x0000000002841bdc method=java.util.concurrent.locks.ReentrantLock$NonfairSync.lock()V @ 6
Event: 58.499 Thread 0x0000000025932800 Uncommon trap: reason=unstable_if action=reinterpret pc=0x000000000283ec68 method=java.util.concurrent.locks.ReentrantLock$NonfairSync.lock()V @ 6
Event: 58.500 Thread 0x000000001e309000 Uncommon trap: reason=unstable_if action=reinterpret pc=0x000000000274140c method=java.util.concurrent.locks.ReentrantLock$NonfairSync.lock()V @ 6
Event: 58.673 Thread 0x000000001e309000 Uncommon trap: reason=unstable_if action=reinterpret pc=0x0000000002935534 method=com.xuggle.ferry.JNIMemoryManager.addReference(Lcom/xuggle/ferry/JNIReference;)Z @ 13
Event: 58.681 Thread 0x0000000025932800 Uncommon trap: reason=unstable_if action=reinterpret pc=0x0000000002972e70 method=com.xuggle.ferry.JNIMemoryManager.addReference(Lcom/xuggle/ferry/JNIReference;)Z @ 13
Event: 59.160 Thread 0x0000000025932800 Uncommon trap: reason=unstable_if action=reinterpret pc=0x00000000029cd374 method=java.util.HashMap.removeNode(ILjava/lang/Object;Ljava/lang/Object;ZZ)Ljava/util/HashMap$Node; @ 121
Event: 71.219 Thread 0x000000001f795800 Uncommon trap: reason=class_check action=maybe_recompile pc=0x0000000002750e30 method=java.util.regex.Matcher.getTextLength()I @ 4
Event: 71.222 Thread 0x0000000025932800 Uncommon trap: reason=unstable_if action=reinterpret pc=0x0000000002990be4 method=java.net.AbstractPlainSocketImpl.getOutputStream()Ljava/io/OutputStream; @ 45

Internal exceptions (10 events):
Event: 70.974 Thread 0x0000000025932800 Exception <a 'java/net/SocketException': Software caused connection abort: socket write error> (0x000000078e9910c8) thrown at [C:\workspace\8-2-build-windows-amd64-cygwin\jdk8u65\4987\hotspot\src\share\vm\prims\jni.cpp, line 735]
Event: 70.974 Thread 0x0000000025932800 Exception <a 'java/net/SocketException': Software caused connection abort: socket write error> (0x000000078e991390) thrown at [C:\workspace\8-2-build-windows-amd64-cygwin\jdk8u65\4987\hotspot\src\share\vm\prims\jni.cpp, line 735]
Event: 71.277 Thread 0x000000001e309000 Exception <a 'java/net/SocketException': Software caused connection abort: socket write error> (0x000000076c472f48) thrown at [C:\workspace\8-2-build-windows-amd64-cygwin\jdk8u65\4987\hotspot\src\share\vm\prims\jni.cpp, line 735]
Event: 71.277 Thread 0x000000001e309000 Exception <a 'java/net/SocketException': Software caused connection abort: socket write error> (0x000000076c473210) thrown at [C:\workspace\8-2-build-windows-amd64-cygwin\jdk8u65\4987\hotspot\src\share\vm\prims\jni.cpp, line 735]
Event: 71.277 Thread 0x000000001e309000 Exception <a 'java/net/SocketException': Software caused connection abort: socket write error> (0x000000076c4734d8) thrown at [C:\workspace\8-2-build-windows-amd64-cygwin\jdk8u65\4987\hotspot\src\share\vm\prims\jni.cpp, line 735]
Event: 71.277 Thread 0x000000001e309000 Exception <a 'java/net/SocketException': Software caused connection abort: socket write error> (0x000000076c4737a0) thrown at [C:\workspace\8-2-build-windows-amd64-cygwin\jdk8u65\4987\hotspot\src\share\vm\prims\jni.cpp, line 735]
Event: 71.284 Thread 0x0000000025932800 Exception <a 'java/net/SocketException': Software caused connection abort: socket write error> (0x0000000774da50c8) thrown at [C:\workspace\8-2-build-windows-amd64-cygwin\jdk8u65\4987\hotspot\src\share\vm\prims\jni.cpp, line 735]
Event: 71.284 Thread 0x0000000025932800 Exception <a 'java/net/SocketException': Software caused connection abort: socket write error> (0x0000000774da5390) thrown at [C:\workspace\8-2-build-windows-amd64-cygwin\jdk8u65\4987\hotspot\src\share\vm\prims\jni.cpp, line 735]
Event: 71.284 Thread 0x0000000025932800 Exception <a 'java/net/SocketException': Software caused connection abort: socket write error> (0x0000000774da5658) thrown at [C:\workspace\8-2-build-windows-amd64-cygwin\jdk8u65\4987\hotspot\src\share\vm\prims\jni.cpp, line 735]
Event: 71.284 Thread 0x0000000025932800 Exception <a 'java/net/SocketException': Software caused connection abort: socket write error> (0x0000000774da5920) thrown at [C:\workspace\8-2-build-windows-amd64-cygwin\jdk8u65\4987\hotspot\src\share\vm\prims\jni.cpp, line 735]

Events (10 events):
Event: 71.280 Thread 0x000000001e1dd000 flushing nmethod 0x00000000028ae950
Event: 71.280 Thread 0x000000001e1dd000 flushing nmethod 0x00000000028b1910
Event: 71.280 Thread 0x000000001e1dd000 flushing nmethod 0x00000000028b4110
Event: 71.280 Thread 0x000000001e1dd000 flushing nmethod 0x00000000028b4750
Event: 71.280 Thread 0x000000001e1dd000 flushing nmethod 0x00000000028b4f90
Event: 71.280 Thread 0x000000001e1dd000 flushing nmethod 0x00000000028b5fd0
Event: 71.280 Thread 0x000000001e1dd000 flushing nmethod 0x00000000028b7310
Event: 71.280 Thread 0x000000001e1dd000 flushing nmethod 0x00000000028ba810
Event: 71.280 Thread 0x000000001e1dd000 flushing nmethod 0x00000000028bb490
Event: 71.280 Thread 0x000000001e1dd000 flushing nmethod 0x00000000028c1cd0


Dynamic libraries:
0x00007ff7e5260000 - 0x00007ff7e5297000 	C:\Program Files\Java\jdk1.8.0_65\bin\java.exe
0x00007ffb2e240000 - 0x00007ffb2e3ed000 	C:\windows\SYSTEM32\ntdll.dll
0x00007ffb2c3f0000 - 0x00007ffb2c52e000 	C:\windows\system32\KERNEL32.DLL
0x00007ffb2b6f0000 - 0x00007ffb2b805000 	C:\windows\system32\KERNELBASE.dll
0x00007ffb29f30000 - 0x00007ffb29fbe000 	C:\windows\system32\apphelp.dll
0x00007ffb15bd0000 - 0x00007ffb15c23000 	C:\windows\AppPatch\AppPatch64\AcGenral.DLL
0x00007ffb2e0d0000 - 0x00007ffb2e17a000 	C:\windows\system32\msvcrt.dll
0x00007ffb2b160000 - 0x00007ffb2b18e000 	C:\windows\SYSTEM32\SspiCli.dll
0x00007ffb2c710000 - 0x00007ffb2c764000 	C:\windows\system32\SHLWAPI.dll
0x00007ffb2c9e0000 - 0x00007ffb2cb57000 	C:\windows\system32\USER32.dll
0x00007ffb2b8c0000 - 0x00007ffb2ba54000 	C:\windows\system32\ole32.dll
0x00007ffb2cb70000 - 0x00007ffb2e09a000 	C:\windows\system32\SHELL32.dll
0x00007ffb2a930000 - 0x00007ffb2a951000 	C:\windows\SYSTEM32\USERENV.dll
0x00007ffb2c7d0000 - 0x00007ffb2c87a000 	C:\windows\system32\ADVAPI32.dll
0x00007ffb18650000 - 0x00007ffb1866e000 	C:\windows\SYSTEM32\MPR.dll
0x00007ffb2c880000 - 0x00007ffb2c9c1000 	C:\windows\system32\RPCRT4.dll
0x00007ffb2e1e0000 - 0x00007ffb2e239000 	C:\windows\SYSTEM32\sechost.dll
0x00007ffb2bc50000 - 0x00007ffb2be61000 	C:\windows\SYSTEM32\combase.dll
0x00007ffb2bee0000 - 0x00007ffb2c030000 	C:\windows\system32\GDI32.dll
0x00007ffb2b390000 - 0x00007ffb2b3a5000 	C:\windows\SYSTEM32\profapi.dll
0x00007ffb298e0000 - 0x00007ffb29992000 	C:\windows\SYSTEM32\SHCORE.dll
0x00007ffb2ba60000 - 0x00007ffb2ba96000 	C:\windows\system32\IMM32.DLL
0x00007ffb2c0f0000 - 0x00007ffb2c242000 	C:\windows\system32\MSCTF.dll
0x00007ffb29460000 - 0x00007ffb296db000 	C:\windows\WinSxS\amd64_microsoft.windows.common-controls_6595b64144ccf1df_6.0.9600.18006_none_623f33d3ecbe86e8\COMCTL32.dll
0x0000000069820000 - 0x00000000698f2000 	C:\Program Files\Java\jdk1.8.0_65\jre\bin\msvcr100.dll
0x00000000685f0000 - 0x0000000068e79000 	C:\Program Files\Java\jdk1.8.0_65\jre\bin\server\jvm.dll
0x00007ffb218c0000 - 0x00007ffb218c9000 	C:\windows\SYSTEM32\WSOCK32.dll
0x00007ffb27b90000 - 0x00007ffb27bb2000 	C:\windows\SYSTEM32\WINMM.dll
0x00007ffb27bc0000 - 0x00007ffb27bca000 	C:\windows\SYSTEM32\VERSION.dll
0x00007ffb2c3e0000 - 0x00007ffb2c3e7000 	C:\windows\system32\PSAPI.DLL
0x00007ffb2c770000 - 0x00007ffb2c7ca000 	C:\windows\system32\WS2_32.dll
0x00007ffb279f0000 - 0x00007ffb27a1a000 	C:\windows\SYSTEM32\WINMMBASE.dll
0x00007ffb2cb60000 - 0x00007ffb2cb69000 	C:\windows\system32\NSI.dll
0x00007ffb2b460000 - 0x00007ffb2b4af000 	C:\windows\SYSTEM32\cfgmgr32.dll
0x00007ffb2a190000 - 0x00007ffb2a1b8000 	C:\windows\SYSTEM32\DEVOBJ.dll
0x00000000697d0000 - 0x00000000697df000 	C:\Program Files\Java\jdk1.8.0_65\jre\bin\verify.dll
0x00000000697a0000 - 0x00000000697c9000 	C:\Program Files\Java\jdk1.8.0_65\jre\bin\java.dll
0x0000000069780000 - 0x0000000069796000 	C:\Program Files\Java\jdk1.8.0_65\jre\bin\zip.dll
0x0000000069760000 - 0x000000006977a000 	C:\Program Files\Java\jdk1.8.0_65\jre\bin\net.dll
0x00007ffb2aba0000 - 0x00007ffb2abf9000 	C:\windows\system32\mswsock.dll
0x00007ffb2ac00000 - 0x00007ffb2ac20000 	C:\windows\SYSTEM32\CRYPTSP.dll
0x00007ffb2a820000 - 0x00007ffb2a856000 	C:\windows\system32\rsaenh.dll
0x00007ffb2ae50000 - 0x00007ffb2ae76000 	C:\windows\SYSTEM32\bcrypt.dll
0x00007ffb2b190000 - 0x00007ffb2b1f3000 	C:\windows\system32\bcryptprimitives.dll
0x00007ffb2b200000 - 0x00007ffb2b20b000 	C:\windows\SYSTEM32\CRYPTBASE.dll
0x00007ffb26750000 - 0x00007ffb2677a000 	C:\windows\SYSTEM32\IPHLPAPI.DLL
0x00007ffb25920000 - 0x00007ffb2592a000 	C:\windows\SYSTEM32\WINNSI.DLL
0x00007ffb25180000 - 0x00007ffb25196000 	C:\windows\SYSTEM32\dhcpcsvc6.DLL
0x00007ffb256b0000 - 0x00007ffb256ca000 	C:\windows\SYSTEM32\dhcpcsvc.DLL
0x0000000069740000 - 0x0000000069751000 	C:\Program Files\Java\jdk1.8.0_65\jre\bin\nio.dll
0x000000006e740000 - 0x000000006fda5000 	C:\Users\lenovo\AppData\Local\Temp\xuggle\xuggle7773779588273741808.dll
0x00007ffb23950000 - 0x00007ffb23967000 	C:\windows\SYSTEM32\AVICAP32.dll
0x00007ffb1ab20000 - 0x00007ffb1ab49000 	C:\windows\SYSTEM32\MSVFW32.dll
0x00000000695a0000 - 0x0000000069738000 	C:\Program Files\Java\jdk1.8.0_65\jre\bin\awt.dll
0x00007ffb2c310000 - 0x00007ffb2c3d1000 	C:\windows\system32\OLEAUT32.dll
0x00007ffb1a550000 - 0x00007ffb1a6d9000 	C:\windows\SYSTEM32\dbghelp.dll

VM Arguments:
jvm_args: -Dfile.encoding=UTF-8 
java_command: MultiThreadServer
java_class_path (initial): C:\Users\lenovo\Downloads\Xuggle librarys\slf4j-api-1.7.19.jar;C:\Users\lenovo\Downloads\Xuggle librarys\xuggle-xuggler-5.4.jar;C:\Users\lenovo\Downloads\ClientServerGUIMultipleBoth\Server\build\classes
Launcher Type: SUN_STANDARD

Environment Variables:
PATH=C:\ProgramData\Oracle\Java\javapath;C:\Program Files (x86)\Lenovo\FusionEngine;C:\Program Files (x86)\Intel\iCLS Client\;C:\Program Files\Intel\iCLS Client\;C:\windows\system32;C:\windows;C:\windows\System32\Wbem;C:\windows\System32\WindowsPowerShell\v1.0\;C:\Program Files\Intel\Intel(R) Management Engine Components\DAL;C:\Program Files\Intel\Intel(R) Management Engine Components\IPT;C:\Program Files (x86)\Intel\Intel(R) Management Engine Components\DAL;C:\Program Files (x86)\Intel\Intel(R) Management Engine Components\IPT;C:\Program Files\Intel\WiFi\bin\;C:\Program Files\Common Files\Intel\WirelessCommon\;C:\Program Files (x86)\Lenovo\Motion Control\;C:\Program Files (x86)\Common Files\lenovo\easyplussdk\bin;C:\Program Files (x86)\NVIDIA Corporation\PhysX\Common;C:\Users\lenovo\Anaconda3;C:\Users\lenovo\Anaconda3\Scripts;C:\Users\lenovo\Anaconda3\Library\bin
USERNAME=lenovo
OS=Windows_NT
PROCESSOR_IDENTIFIER=Intel64 Family 6 Model 60 Stepping 3, GenuineIntel



---------------  S Y S T E M  ---------------

OS: Windows 8.1 , 64 bit Build 9600 (6.3.9600.17415)

CPU:total 8 (4 cores per cpu, 2 threads per core) family 6 model 60 stepping 3, cmov, cx8, fxsr, mmx, sse, sse2, sse3, ssse3, sse4.1, sse4.2, popcnt, avx, avx2, aes, clmul, erms, lzcnt, ht, tsc, tscinvbit, bmi1, bmi2

Memory: 4k page, physical 16687384k(11242820k free), swap 19177752k(12355708k free)

vm_info: Java HotSpot(TM) 64-Bit Server VM (25.65-b01) for windows-amd64 JRE (1.8.0_65-b17), built on Oct  6 2015 16:39:20 by "java_re" with MS VC++ 10.0 (VS2010)

time: Thu Apr 07 09:51:14 2016
elapsed time: 71 seconds (0d 0h 1m 11s)

