#
# A fatal error has been detected by the Java Runtime Environment:
#
#  EXCEPTION_ACCESS_VIOLATION (0xc0000005) at pc=0x000000006ee76520, pid=12656, tid=14156
#
# JRE version: Java(TM) SE Runtime Environment (8.0_65-b17) (build 1.8.0_65-b17)
# Java VM: Java HotSpot(TM) 64-Bit Server VM (25.65-b01 mixed mode windows-amd64 compressed oops)
# Problematic frame:
# C  [xuggle1891737771875377020.dll+0x736520]
#
# Failed to write core dump. Minidumps are not enabled by default on client versions of Windows
#
# If you would like to submit a bug report, please visit:
#   http://bugreport.java.com/bugreport/crash.jsp
# The crash happened outside the Java Virtual Machine in native code.
# See problematic frame for where to report the bug.
#

---------------  T H R E A D  ---------------

Current thread (0x000000001f3b8000):  JavaThread "Thread-2" [_thread_in_native, id=14156, stack(0x0000000023e20000,0x0000000023f20000)]

siginfo: ExceptionCode=0xc0000005, reading address 0xffffffffffffffff

Registers:
RAX=0x0000000020bcacd0, RBX=0x0000000025177c90, RCX=0x0000000020bcacd0, RDX=0x0000000000000009
RSP=0x0000000023f1dc20, RBP=0x0000000020bca410, RSI=0x0000000020bcbcd0, RDI=0x0000000000000004
R8 =0x000000006ee77580, R9 =0x000000006ee76490, R10=0x0000000024d7a0a0, R11=0x0000000020be4420
R12=0x0000000020be4c20, R13=0x0000000000000004, R14=0x0000000000000184, R15=0x000000006fab8f20
RIP=0x000000006ee76520, EFLAGS=0x0000000000010202

Top of Stack: (sp=0x0000000023f1dc20)
0x0000000023f1dc20:   000000006ee76665 000000006ee774c5
0x0000000023f1dc30:   000000006ee77505 000000006ee77545
0x0000000023f1dc40:   000000006ee77585 000000006ee79426
0x0000000023f1dc50:   000000006fa67a80 0000000020bcacd0
0x0000000023f1dc60:   000000002517a150 00000000028174c0
0x0000000023f1dc70:   3fe0000000000000 0000000000000000
0x0000000023f1dc80:   40c7760000000000 0000000000000000
0x0000000023f1dc90:   3fe0000000000000 0000000000000001
0x0000000023f1dca0:   000000002517b150 000000006ea45d24
0x0000000023f1dcb0:   3f40624dd2f1a9fc 0000000000000000
0x0000000023f1dcc0:   0000000000000000 0000000000000000
0x0000000023f1dcd0:   0000000000000000 0000000000000000
0x0000000023f1dce0:   0000000025184050 000000006fab7320
0x0000000023f1dcf0:   000000001bcca87d 0000000025177bf0
0x0000000023f1dd00:   0000000000000001 0000000020bca410
0x0000000023f1dd10:   0000000020bca490 0000000000000000 

Instructions: (pc=0x000000006ee76520)
0x000000006ee76500:   c4 e3 5d 0c c0 55 c5 e4 5c c8 c5 e4 58 c0 c5 fc
0x000000006ee76510:   29 01 c5 fc 29 49 20 c3 0f 1f 84 00 00 00 00 00
0x000000006ee76520:   c5 fc 28 51 40 c5 fc 28 59 60 c5 ec 5c fb c5 ec
0x000000006ee76530:   58 d3 c5 c4 57 3d 26 41 84 00 c5 ec c6 df be c5 


Register to memory mapping:

RAX=0x0000000020bcacd0 is an unknown value
RBX=0x0000000025177c90 is an unknown value
RCX=0x0000000020bcacd0 is an unknown value
RDX=0x0000000000000009 is an unknown value
RSP=0x0000000023f1dc20 is pointing into the stack for thread: 0x000000001f3b8000
RBP=0x0000000020bca410 is an unknown value
RSI=0x0000000020bcbcd0 is an unknown value
RDI=0x0000000000000004 is an unknown value
R8 =0x000000006ee77580 is an unknown value
R9 =0x000000006ee76490 is an unknown value
R10=0x0000000024d7a0a0 is an unknown value
R11=0x0000000020be4420 is an unknown value
R12=0x0000000020be4c20 is an unknown value
R13=0x0000000000000004 is an unknown value
R14=0x0000000000000184 is an unknown value
R15=0x000000006fab8f20 is an unknown value


Stack: [0x0000000023e20000,0x0000000023f20000],  sp=0x0000000023f1dc20,  free space=1015k
Native frames: (J=compiled Java code, j=interpreted, Vv=VM code, C=native code)
C  [xuggle1891737771875377020.dll+0x736520]

Java frames: (J=compiled Java code, j=interpreted, Vv=VM code)
j  com.xuggle.xuggler.XugglerJNI.IContainer_open__SWIG_1(JLcom/xuggle/xuggler/IContainer;Ljava/lang/String;IJLcom/xuggle/xuggler/IContainerFormat;ZZ)I+0
j  com.xuggle.xuggler.IContainer.open(Ljava/lang/String;Lcom/xuggle/xuggler/IContainer$Type;Lcom/xuggle/xuggler/IContainerFormat;ZZ)I+19
j  com.xuggle.mediatool.MediaReader.open()V+20
J 688 C1 com.xuggle.mediatool.MediaReader.readPacket()Lcom/xuggle/xuggler/IError; (172 bytes) @ 0x0000000002ab1434 [0x0000000002ab1200+0x234]
j  ServerClass.run()V+55
j  java.lang.Thread.run()V+11
v  ~StubRoutines::call_stub

---------------  P R O C E S S  ---------------

Java Threads: ( => current thread )
=>0x000000001f3b8000 JavaThread "Thread-2" [_thread_in_native, id=14156, stack(0x0000000023e20000,0x0000000023f20000)]
  0x000000001f433800 JavaThread "Java2D Disposer" daemon [_thread_blocked, id=5988, stack(0x0000000023f30000,0x0000000024030000)]
  0x000000001e4d4000 JavaThread "Thread-0" [_thread_in_Java, id=9072, stack(0x000000001ef40000,0x000000001f040000)]
  0x000000001e455000 JavaThread "Service Thread" daemon [_thread_blocked, id=10752, stack(0x000000001ed40000,0x000000001ee40000)]
  0x000000001e3c2800 JavaThread "C1 CompilerThread3" daemon [_thread_blocked, id=5888, stack(0x000000001ec40000,0x000000001ed40000)]
  0x000000001e3bf000 JavaThread "C2 CompilerThread2" daemon [_thread_blocked, id=8360, stack(0x000000001eb40000,0x000000001ec40000)]
  0x000000001e3bd800 JavaThread "C2 CompilerThread1" daemon [_thread_blocked, id=8656, stack(0x000000001ea40000,0x000000001eb40000)]
  0x000000001e3b6000 JavaThread "C2 CompilerThread0" daemon [_thread_blocked, id=13748, stack(0x000000001e940000,0x000000001ea40000)]
  0x000000001e3b4800 JavaThread "Attach Listener" daemon [_thread_blocked, id=8020, stack(0x000000001e840000,0x000000001e940000)]
  0x000000001e3b3800 JavaThread "Signal Dispatcher" daemon [_thread_blocked, id=13896, stack(0x000000001e740000,0x000000001e840000)]
  0x000000000280b000 JavaThread "Finalizer" daemon [_thread_blocked, id=5104, stack(0x000000001e140000,0x000000001e240000)]
  0x0000000002804000 JavaThread "Reference Handler" daemon [_thread_blocked, id=9728, stack(0x000000001e040000,0x000000001e140000)]
  0x0000000002710800 JavaThread "main" [_thread_in_native, id=652, stack(0x0000000002570000,0x0000000002670000)]

Other Threads:
  0x000000001c268800 VMThread [stack: 0x000000001df40000,0x000000001e040000] [id=12928]
  0x000000001e4be000 WatcherThread [stack: 0x000000001ee40000,0x000000001ef40000] [id=12268]

VM state:not at safepoint (normal execution)

VM Mutex/Monitor currently owned by a thread: None

Heap:
 PSYoungGen      total 253952K, used 173516K [0x000000076b180000, 0x0000000788400000, 0x00000007c0000000)
  eden space 253440K, 68% used [0x000000076b180000,0x0000000775abb170,0x000000077a900000)
  from space 512K, 43% used [0x0000000787600000,0x0000000787638000,0x0000000787680000)
  to   space 9728K, 0% used [0x0000000787a80000,0x0000000787a80000,0x0000000788400000)
 ParOldGen       total 175104K, used 4699K [0x00000006c1400000, 0x00000006cbf00000, 0x000000076b180000)
  object space 175104K, 2% used [0x00000006c1400000,0x00000006c1896c20,0x00000006cbf00000)
 Metaspace       used 7809K, capacity 7906K, committed 8064K, reserved 1056768K
  class space    used 839K, capacity 889K, committed 896K, reserved 1048576K

Card table byte_map: [0x0000000011bd0000,0x00000000123d0000] byte_map_base: 0x000000000e5c6000

Marking Bits: (ParMarkBitMap*) 0x0000000068dfa5b0
 Begin Bits: [0x0000000013120000, 0x00000000170d0000)
 End Bits:   [0x00000000170d0000, 0x000000001b080000)

Polling page: 0x00000000024d0000

CodeCache: size=245760Kb used=3263Kb max_used=3297Kb free=242496Kb
 bounds [0x0000000002810000, 0x0000000002b50000, 0x0000000011810000]
 total_blobs=1351 nmethods=956 adapters=308
 compilation: enabled

Compilation events (10 events):
Event: 26.261 Thread 0x000000001e3c2800  991       3       java.awt.image.ComponentSampleModel::getSampleSize (35 bytes)
Event: 26.261 Thread 0x000000001e3c2800 nmethod 991 0x0000000002a143d0 code [0x0000000002a14560, 0x0000000002a14928]
Event: 26.262 Thread 0x000000001e3c2800  992       3       com.sun.imageio.plugins.png.CRC::<init> (10 bytes)
Event: 26.262 Thread 0x000000001e3c2800 nmethod 992 0x0000000002a14010 code [0x0000000002a14160, 0x0000000002a14310]
Event: 26.472 Thread 0x000000001e3c2800  993       3       java.util.Formatter::ensureOpen (16 bytes)
Event: 26.472 Thread 0x000000001e3c2800 nmethod 993 0x0000000002a13bd0 code [0x0000000002a13d40, 0x0000000002a13f48]
Event: 26.472 Thread 0x000000001e3c2800  994       3       java.util.regex.Matcher::find (35 bytes)
Event: 26.473 Thread 0x000000001e3c2800 nmethod 994 0x0000000002a13290 code [0x0000000002a13440, 0x0000000002a139f8]
Event: 26.473 Thread 0x000000001e3c2800  995       3       java.util.Formatter$FixedString::<init> (15 bytes)
Event: 26.473 Thread 0x000000001e3c2800 nmethod 995 0x0000000002a12e90 code [0x0000000002a12fe0, 0x0000000002a131d0]

GC Heap History (10 events):
Event: 23.906 GC heap before
{Heap before GC invocations=21 (full 0):
 PSYoungGen      total 317440K, used 316866K [0x000000076b180000, 0x0000000789880000, 0x00000007c0000000)
  eden space 310272K, 99% used [0x000000076b180000,0x000000077e06b168,0x000000077e080000)
  from space 7168K, 93% used [0x0000000789180000,0x0000000789805900,0x0000000789880000)
  to   space 9216K, 0% used [0x0000000788680000,0x0000000788680000,0x0000000788f80000)
 ParOldGen       total 175104K, used 3161K [0x00000006c1400000, 0x00000006cbf00000, 0x000000076b180000)
  object space 175104K, 1% used [0x00000006c1400000,0x00000006c17167d0,0x00000006cbf00000)
 Metaspace       used 7798K, capacity 7906K, committed 8064K, reserved 1056768K
  class space    used 838K, capacity 889K, committed 896K, reserved 1048576K
Event: 23.907 GC heap after
Heap after GC invocations=21 (full 0):
 PSYoungGen      total 303616K, used 5645K [0x000000076b180000, 0x0000000789200000, 0x00000007c0000000)
  eden space 297472K, 0% used [0x000000076b180000,0x000000076b180000,0x000000077d400000)
  from space 6144K, 91% used [0x0000000788680000,0x0000000788c034c0,0x0000000788c80000)
  to   space 5632K, 0% used [0x0000000788c80000,0x0000000788c80000,0x0000000789200000)
 ParOldGen       total 175104K, used 3257K [0x00000006c1400000, 0x00000006cbf00000, 0x000000076b180000)
  object space 175104K, 1% used [0x00000006c1400000,0x00000006c172e7d0,0x00000006cbf00000)
 Metaspace       used 7798K, capacity 7906K, committed 8064K, reserved 1056768K
  class space    used 838K, capacity 889K, committed 896K, reserved 1048576K
}
Event: 24.455 GC heap before
{Heap before GC invocations=22 (full 0):
 PSYoungGen      total 303616K, used 300997K [0x000000076b180000, 0x0000000789200000, 0x00000007c0000000)
  eden space 297472K, 99% used [0x000000076b180000,0x000000077d1ee0d0,0x000000077d400000)
  from space 6144K, 91% used [0x0000000788680000,0x0000000788c034c0,0x0000000788c80000)
  to   space 5632K, 0% used [0x0000000788c80000,0x0000000788c80000,0x0000000789200000)
 ParOldGen       total 175104K, used 3257K [0x00000006c1400000, 0x00000006cbf00000, 0x000000076b180000)
  object space 175104K, 1% used [0x00000006c1400000,0x00000006c172e7d0,0x00000006cbf00000)
 Metaspace       used 7799K, capacity 7906K, committed 8064K, reserved 1056768K
  class space    used 838K, capacity 889K, committed 896K, reserved 1048576K
Event: 24.457 GC heap after
Heap after GC invocations=22 (full 0):
 PSYoungGen      total 291328K, used 5517K [0x000000076b180000, 0x0000000789200000, 0x00000007c0000000)
  eden space 285696K, 0% used [0x000000076b180000,0x000000076b180000,0x000000077c880000)
  from space 5632K, 97% used [0x0000000788c80000,0x00000007891e34c0,0x0000000789200000)
  to   space 9728K, 0% used [0x0000000787f00000,0x0000000787f00000,0x0000000788880000)
 ParOldGen       total 175104K, used 4403K [0x00000006c1400000, 0x00000006cbf00000, 0x000000076b180000)
  object space 175104K, 2% used [0x00000006c1400000,0x00000006c184cc10,0x00000006cbf00000)
 Metaspace       used 7799K, capacity 7906K, committed 8064K, reserved 1056768K
  class space    used 838K, capacity 889K, committed 896K, reserved 1048576K
}
Event: 25.034 GC heap before
{Heap before GC invocations=23 (full 0):
 PSYoungGen      total 291328K, used 291213K [0x000000076b180000, 0x0000000789200000, 0x00000007c0000000)
  eden space 285696K, 100% used [0x000000076b180000,0x000000077c880000,0x000000077c880000)
  from space 5632K, 97% used [0x0000000788c80000,0x00000007891e34c0,0x0000000789200000)
  to   space 9728K, 0% used [0x0000000787f00000,0x0000000787f00000,0x0000000788880000)
 ParOldGen       total 175104K, used 4403K [0x00000006c1400000, 0x00000006cbf00000, 0x000000076b180000)
  object space 175104K, 2% used [0x00000006c1400000,0x00000006c184cc10,0x00000006cbf00000)
 Metaspace       used 7802K, capacity 7906K, committed 8064K, reserved 1056768K
  class space    used 839K, capacity 889K, committed 896K, reserved 1048576K
Event: 25.036 GC heap after
Heap after GC invocations=23 (full 0):
 PSYoungGen      total 274944K, used 256K [0x000000076b180000, 0x0000000788d00000, 0x00000007c0000000)
  eden space 274432K, 0% used [0x000000076b180000,0x000000076b180000,0x000000077bd80000)
  from space 512K, 50% used [0x0000000787f00000,0x0000000787f40000,0x0000000787f80000)
  to   space 9728K, 0% used [0x0000000788380000,0x0000000788380000,0x0000000788d00000)
 ParOldGen       total 175104K, used 4507K [0x00000006c1400000, 0x00000006cbf00000, 0x000000076b180000)
  object space 175104K, 2% used [0x00000006c1400000,0x00000006c1866c10,0x00000006cbf00000)
 Metaspace       used 7802K, capacity 7906K, committed 8064K, reserved 1056768K
  class space    used 839K, capacity 889K, committed 896K, reserved 1048576K
}
Event: 25.583 GC heap before
{Heap before GC invocations=24 (full 0):
 PSYoungGen      total 274944K, used 273154K [0x000000076b180000, 0x0000000788d00000, 0x00000007c0000000)
  eden space 274432K, 99% used [0x000000076b180000,0x000000077bc00ae8,0x000000077bd80000)
  from space 512K, 50% used [0x0000000787f00000,0x0000000787f40000,0x0000000787f80000)
  to   space 9728K, 0% used [0x0000000788380000,0x0000000788380000,0x0000000788d00000)
 ParOldGen       total 175104K, used 4507K [0x00000006c1400000, 0x00000006cbf00000, 0x000000076b180000)
  object space 175104K, 2% used [0x00000006c1400000,0x00000006c1866c10,0x00000006cbf00000)
 Metaspace       used 7802K, capacity 7906K, committed 8064K, reserved 1056768K
  class space    used 839K, capacity 889K, committed 896K, reserved 1048576K
Event: 25.585 GC heap after
Heap after GC invocations=24 (full 0):
 PSYoungGen      total 269312K, used 5581K [0x000000076b180000, 0x0000000788900000, 0x00000007c0000000)
  eden space 263680K, 0% used [0x000000076b180000,0x000000076b180000,0x000000077b300000)
  from space 5632K, 99% used [0x0000000788380000,0x00000007888f34c0,0x0000000788900000)
  to   space 9728K, 0% used [0x0000000787600000,0x0000000787600000,0x0000000787f80000)
 ParOldGen       total 175104K, used 4619K [0x00000006c1400000, 0x00000006cbf00000, 0x000000076b180000)
  object space 175104K, 2% used [0x00000006c1400000,0x00000006c1882c20,0x00000006cbf00000)
 Metaspace       used 7802K, capacity 7906K, committed 8064K, reserved 1056768K
  class space    used 839K, capacity 889K, committed 896K, reserved 1048576K
}
Event: 26.186 GC heap before
{Heap before GC invocations=25 (full 0):
 PSYoungGen      total 269312K, used 269261K [0x000000076b180000, 0x0000000788900000, 0x00000007c0000000)
  eden space 263680K, 100% used [0x000000076b180000,0x000000077b300000,0x000000077b300000)
  from space 5632K, 99% used [0x0000000788380000,0x00000007888f34c0,0x0000000788900000)
  to   space 9728K, 0% used [0x0000000787600000,0x0000000787600000,0x0000000787f80000)
 ParOldGen       total 175104K, used 4619K [0x00000006c1400000, 0x00000006cbf00000, 0x000000076b180000)
  object space 175104K, 2% used [0x00000006c1400000,0x00000006c1882c20,0x00000006cbf00000)
 Metaspace       used 7807K, capacity 7906K, committed 8064K, reserved 1056768K
  class space    used 839K, capacity 889K, committed 896K, reserved 1048576K
Event: 26.188 GC heap after
Heap after GC invocations=25 (full 0):
 PSYoungGen      total 253952K, used 224K [0x000000076b180000, 0x0000000788400000, 0x00000007c0000000)
  eden space 253440K, 0% used [0x000000076b180000,0x000000076b180000,0x000000077a900000)
  from space 512K, 43% used [0x0000000787600000,0x0000000787638000,0x0000000787680000)
  to   space 9728K, 0% used [0x0000000787a80000,0x0000000787a80000,0x0000000788400000)
 ParOldGen       total 175104K, used 4699K [0x00000006c1400000, 0x00000006cbf00000, 0x000000076b180000)
  object space 175104K, 2% used [0x00000006c1400000,0x00000006c1896c20,0x00000006cbf00000)
 Metaspace       used 7807K, capacity 7906K, committed 8064K, reserved 1056768K
  class space    used 839K, capacity 889K, committed 896K, reserved 1048576K
}

Deoptimization events (1 events):
Event: 8.536 Thread 0x000000001e4d4000 Uncommon trap: reason=unstable_if action=reinterpret pc=0x00000000029944ac method=java.util.zip.InflaterInputStream.read([BII)I @ 69

Internal exceptions (10 events):
Event: 0.061 Thread 0x0000000002710800 Exception <a 'java/security/PrivilegedActionException'> (0x000000076b20e530) thrown at [C:\workspace\8-2-build-windows-amd64-cygwin\jdk8u65\4987\hotspot\src\share\vm\prims\jvm.cpp, line 1386]
Event: 0.061 Thread 0x0000000002710800 Exception <a 'java/security/PrivilegedActionException'> (0x000000076b20e740) thrown at [C:\workspace\8-2-build-windows-amd64-cygwin\jdk8u65\4987\hotspot\src\share\vm\prims\jvm.cpp, line 1386]
Event: 8.310 Thread 0x000000001e4d4000 Exception <a 'java/security/PrivilegedActionException'> (0x000000076b57b208) thrown at [C:\workspace\8-2-build-windows-amd64-cygwin\jdk8u65\4987\hotspot\src\share\vm\prims\jvm.cpp, line 1386]
Event: 8.310 Thread 0x000000001e4d4000 Exception <a 'java/security/PrivilegedActionException'> (0x000000076b57b600) thrown at [C:\workspace\8-2-build-windows-amd64-cygwin\jdk8u65\4987\hotspot\src\share\vm\prims\jvm.cpp, line 1386]
Event: 8.311 Thread 0x000000001e4d4000 Exception <a 'java/security/PrivilegedActionException'> (0x000000076b57f630) thrown at [C:\workspace\8-2-build-windows-amd64-cygwin\jdk8u65\4987\hotspot\src\share\vm\prims\jvm.cpp, line 1386]
Event: 8.311 Thread 0x000000001e4d4000 Exception <a 'java/security/PrivilegedActionException'> (0x000000076b57fa28) thrown at [C:\workspace\8-2-build-windows-amd64-cygwin\jdk8u65\4987\hotspot\src\share\vm\prims\jvm.cpp, line 1386]
Event: 8.339 Thread 0x000000001e4d4000 Exception <a 'java/lang/NoClassDefFoundError': org/slf4j/impl/StaticLoggerBinder> (0x000000076b647680) thrown at [C:\workspace\8-2-build-windows-amd64-cygwin\jdk8u65\4987\hotspot\src\share\vm\classfile\systemDictionary.cpp, line 199]
Event: 10.716 Thread 0x000000001e4d4000 Exception <a 'java/io/FileNotFoundException'> (0x000000076b91b630) thrown at [C:\workspace\8-2-build-windows-amd64-cygwin\jdk8u65\4987\hotspot\src\share\vm\prims\jni.cpp, line 709]
Event: 10.738 Thread 0x000000001e4d4000 Exception <a 'java/lang/NoSuchFieldError': method resolution failed> (0x000000076bf1bf38) thrown at [C:\workspace\8-2-build-windows-amd64-cygwin\jdk8u65\4987\hotspot\src\share\vm\prims\methodHandles.cpp, line 1146]
Event: 10.739 Thread 0x000000001e4d4000 Exception <a 'java/lang/NoSuchFieldError': method resolution failed> (0x000000076bf29628) thrown at [C:\workspace\8-2-build-windows-amd64-cygwin\jdk8u65\4987\hotspot\src\share\vm\prims\methodHandles.cpp, line 1146]

Events (10 events):
Event: 24.457 Executing VM operation: ParallelGCFailedAllocation done
Event: 24.623 loading class java/util/concurrent/CopyOnWriteArrayList$1
Event: 24.623 loading class java/util/concurrent/CopyOnWriteArrayList$1 done
Event: 25.034 Executing VM operation: ParallelGCFailedAllocation
Event: 25.036 Executing VM operation: ParallelGCFailedAllocation done
Event: 25.583 Executing VM operation: ParallelGCFailedAllocation
Event: 25.585 Executing VM operation: ParallelGCFailedAllocation done
Event: 26.186 Executing VM operation: ParallelGCFailedAllocation
Event: 26.188 Executing VM operation: ParallelGCFailedAllocation done
Event: 26.588 Thread 0x000000001f3b8000 Thread added: 0x000000001f3b8000


Dynamic libraries:
0x00007ff6d1310000 - 0x00007ff6d1347000 	C:\Program Files\Java\jdk1.8.0_65\bin\java.exe
0x00007ffb2e240000 - 0x00007ffb2e3ed000 	C:\windows\SYSTEM32\ntdll.dll
0x00007ffb2c3f0000 - 0x00007ffb2c52e000 	C:\windows\system32\KERNEL32.DLL
0x00007ffb2b6f0000 - 0x00007ffb2b805000 	C:\windows\system32\KERNELBASE.dll
0x00007ffb29f30000 - 0x00007ffb29fbe000 	C:\windows\system32\apphelp.dll
0x00007ffb25c60000 - 0x00007ffb25cb3000 	C:\windows\AppPatch\AppPatch64\AcGenral.DLL
0x00007ffb2e0d0000 - 0x00007ffb2e17a000 	C:\windows\system32\msvcrt.dll
0x00007ffb2b160000 - 0x00007ffb2b18e000 	C:\windows\SYSTEM32\SspiCli.dll
0x00007ffb2c710000 - 0x00007ffb2c764000 	C:\windows\system32\SHLWAPI.dll
0x00007ffb2c9e0000 - 0x00007ffb2cb57000 	C:\windows\system32\USER32.dll
0x00007ffb2b8c0000 - 0x00007ffb2ba54000 	C:\windows\system32\ole32.dll
0x00007ffb2cb70000 - 0x00007ffb2e09a000 	C:\windows\system32\SHELL32.dll
0x00007ffb2a930000 - 0x00007ffb2a951000 	C:\windows\SYSTEM32\USERENV.dll
0x00007ffb2c7d0000 - 0x00007ffb2c87a000 	C:\windows\system32\ADVAPI32.dll
0x00007ffb18650000 - 0x00007ffb1866e000 	C:\windows\SYSTEM32\MPR.dll
0x00007ffb2c880000 - 0x00007ffb2c9c1000 	C:\windows\system32\RPCRT4.dll
0x00007ffb2e1e0000 - 0x00007ffb2e239000 	C:\windows\SYSTEM32\sechost.dll
0x00007ffb2bc50000 - 0x00007ffb2be61000 	C:\windows\SYSTEM32\combase.dll
0x00007ffb2bee0000 - 0x00007ffb2c030000 	C:\windows\system32\GDI32.dll
0x00007ffb2b390000 - 0x00007ffb2b3a5000 	C:\windows\SYSTEM32\profapi.dll
0x00007ffb298e0000 - 0x00007ffb29992000 	C:\windows\SYSTEM32\SHCORE.dll
0x00007ffb2ba60000 - 0x00007ffb2ba96000 	C:\windows\system32\IMM32.DLL
0x00007ffb2c0f0000 - 0x00007ffb2c242000 	C:\windows\system32\MSCTF.dll
0x00007ffb29460000 - 0x00007ffb296db000 	C:\windows\WinSxS\amd64_microsoft.windows.common-controls_6595b64144ccf1df_6.0.9600.18006_none_623f33d3ecbe86e8\COMCTL32.dll
0x0000000068510000 - 0x00000000685e2000 	C:\Program Files\Java\jdk1.8.0_65\jre\bin\msvcr100.dll
0x00000000685f0000 - 0x0000000068e79000 	C:\Program Files\Java\jdk1.8.0_65\jre\bin\server\jvm.dll
0x00007ffb218c0000 - 0x00007ffb218c9000 	C:\windows\SYSTEM32\WSOCK32.dll
0x00007ffb27b90000 - 0x00007ffb27bb2000 	C:\windows\SYSTEM32\WINMM.dll
0x00007ffb27bc0000 - 0x00007ffb27bca000 	C:\windows\SYSTEM32\VERSION.dll
0x00007ffb2c3e0000 - 0x00007ffb2c3e7000 	C:\windows\system32\PSAPI.DLL
0x00007ffb2c770000 - 0x00007ffb2c7ca000 	C:\windows\system32\WS2_32.dll
0x00007ffb279f0000 - 0x00007ffb27a1a000 	C:\windows\SYSTEM32\WINMMBASE.dll
0x00007ffb2cb60000 - 0x00007ffb2cb69000 	C:\windows\system32\NSI.dll
0x00007ffb2b460000 - 0x00007ffb2b4af000 	C:\windows\SYSTEM32\cfgmgr32.dll
0x00007ffb2a190000 - 0x00007ffb2a1b8000 	C:\windows\SYSTEM32\DEVOBJ.dll
0x0000000069600000 - 0x000000006960f000 	C:\Program Files\Java\jdk1.8.0_65\jre\bin\verify.dll
0x00000000695d0000 - 0x00000000695f9000 	C:\Program Files\Java\jdk1.8.0_65\jre\bin\java.dll
0x00000000695b0000 - 0x00000000695c6000 	C:\Program Files\Java\jdk1.8.0_65\jre\bin\zip.dll
0x0000000069590000 - 0x00000000695aa000 	C:\Program Files\Java\jdk1.8.0_65\jre\bin\net.dll
0x00007ffb2aba0000 - 0x00007ffb2abf9000 	C:\windows\system32\mswsock.dll
0x00007ffb2ac00000 - 0x00007ffb2ac20000 	C:\windows\SYSTEM32\CRYPTSP.dll
0x00007ffb2a820000 - 0x00007ffb2a856000 	C:\windows\system32\rsaenh.dll
0x00007ffb2ae50000 - 0x00007ffb2ae76000 	C:\windows\SYSTEM32\bcrypt.dll
0x00007ffb2b190000 - 0x00007ffb2b1f3000 	C:\windows\system32\bcryptprimitives.dll
0x00007ffb2b200000 - 0x00007ffb2b20b000 	C:\windows\SYSTEM32\CRYPTBASE.dll
0x00007ffb26750000 - 0x00007ffb2677a000 	C:\windows\SYSTEM32\IPHLPAPI.DLL
0x00007ffb25920000 - 0x00007ffb2592a000 	C:\windows\SYSTEM32\WINNSI.DLL
0x00007ffb25180000 - 0x00007ffb25196000 	C:\windows\SYSTEM32\dhcpcsvc6.DLL
0x00007ffb256b0000 - 0x00007ffb256ca000 	C:\windows\SYSTEM32\dhcpcsvc.DLL
0x00000000684f0000 - 0x0000000068501000 	C:\Program Files\Java\jdk1.8.0_65\jre\bin\nio.dll
0x000000006e740000 - 0x000000006fda5000 	C:\Users\lenovo\AppData\Local\Temp\xuggle\xuggle1891737771875377020.dll
0x00007ffb29210000 - 0x00007ffb29227000 	C:\windows\SYSTEM32\AVICAP32.dll
0x00007ffb28960000 - 0x00007ffb28989000 	C:\windows\SYSTEM32\MSVFW32.dll
0x0000000068350000 - 0x00000000684e8000 	C:\Program Files\Java\jdk1.8.0_65\jre\bin\awt.dll
0x00007ffb2c310000 - 0x00007ffb2c3d1000 	C:\windows\system32\OLEAUT32.dll
0x00007ffb1a550000 - 0x00007ffb1a6d9000 	C:\windows\SYSTEM32\dbghelp.dll

VM Arguments:
jvm_args: -Dfile.encoding=UTF-8 
java_command: MultiThreadServer
java_class_path (initial): C:\Users\lenovo\Downloads\Xuggle librarys\slf4j-api-1.7.19.jar;C:\Users\lenovo\Downloads\Xuggle librarys\xuggle-xuggler-5.4.jar;C:\Users\lenovo\Downloads\ClientServerGUIMultipleBoth\Server\build\classes
Launcher Type: SUN_STANDARD

Environment Variables:
PATH=C:\ProgramData\Oracle\Java\javapath;C:\Program Files (x86)\Lenovo\FusionEngine;C:\Program Files (x86)\Intel\iCLS Client\;C:\Program Files\Intel\iCLS Client\;C:\windows\system32;C:\windows;C:\windows\System32\Wbem;C:\windows\System32\WindowsPowerShell\v1.0\;C:\Program Files\Intel\Intel(R) Management Engine Components\DAL;C:\Program Files\Intel\Intel(R) Management Engine Components\IPT;C:\Program Files (x86)\Intel\Intel(R) Management Engine Components\DAL;C:\Program Files (x86)\Intel\Intel(R) Management Engine Components\IPT;C:\Program Files\Intel\WiFi\bin\;C:\Program Files\Common Files\Intel\WirelessCommon\;C:\Program Files (x86)\Lenovo\Motion Control\;C:\Program Files (x86)\Common Files\lenovo\easyplussdk\bin;C:\Program Files (x86)\NVIDIA Corporation\PhysX\Common;C:\Users\lenovo\Anaconda3;C:\Users\lenovo\Anaconda3\Scripts;C:\Users\lenovo\Anaconda3\Library\bin
USERNAME=lenovo
OS=Windows_NT
PROCESSOR_IDENTIFIER=Intel64 Family 6 Model 60 Stepping 3, GenuineIntel



---------------  S Y S T E M  ---------------

OS: Windows 8.1 , 64 bit Build 9600 (6.3.9600.17415)

CPU:total 8 (4 cores per cpu, 2 threads per core) family 6 model 60 stepping 3, cmov, cx8, fxsr, mmx, sse, sse2, sse3, ssse3, sse4.1, sse4.2, popcnt, avx, avx2, aes, clmul, erms, lzcnt, ht, tsc, tscinvbit, bmi1, bmi2

Memory: 4k page, physical 16687384k(10210764k free), swap 19177752k(8408592k free)

vm_info: Java HotSpot(TM) 64-Bit Server VM (25.65-b01) for windows-amd64 JRE (1.8.0_65-b17), built on Oct  6 2015 16:39:20 by "java_re" with MS VC++ 10.0 (VS2010)

time: Wed Apr 06 19:16:51 2016
elapsed time: 26 seconds (0d 0h 0m 26s)

