#
# A fatal error has been detected by the Java Runtime Environment:
#
#  EXCEPTION_ACCESS_VIOLATION (0xc0000005) at pc=0x000000006ee76520, pid=13208, tid=5228
#
# JRE version: Java(TM) SE Runtime Environment (8.0_65-b17) (build 1.8.0_65-b17)
# Java VM: Java HotSpot(TM) 64-Bit Server VM (25.65-b01 mixed mode windows-amd64 compressed oops)
# Problematic frame:
# C  [xuggle3778672375628041284.dll+0x736520]
#
# Failed to write core dump. Minidumps are not enabled by default on client versions of Windows
#
# If you would like to submit a bug report, please visit:
#   http://bugreport.java.com/bugreport/crash.jsp
# The crash happened outside the Java Virtual Machine in native code.
# See problematic frame for where to report the bug.
#

---------------  T H R E A D  ---------------

Current thread (0x000000001dc83800):  JavaThread "Thread-2" [_thread_in_native, id=5228, stack(0x0000000025e90000,0x0000000025f90000)]

siginfo: ExceptionCode=0xc0000005, reading address 0xffffffffffffffff

Registers:
RAX=0x000000002048d950, RBX=0x0000000024ac9e80, RCX=0x000000002048d950, RDX=0x0000000000000009
RSP=0x0000000025f8dae0, RBP=0x000000002048d090, RSI=0x000000002048e950, RDI=0x0000000000000004
R8 =0x000000006ee77580, R9 =0x000000006ee76490, R10=0x00000000204906e0, R11=0x00000000249b5960
R12=0x00000000249b6160, R13=0x0000000000000004, R14=0x0000000000000184, R15=0x000000006fab8f20
RIP=0x000000006ee76520, EFLAGS=0x0000000000010202

Top of Stack: (sp=0x0000000025f8dae0)
0x0000000025f8dae0:   000000006ee76665 000000006ee774c5
0x0000000025f8daf0:   000000006ee77505 000000006ee77545
0x0000000025f8db00:   000000006ee77585 000000006ee79426
0x0000000025f8db10:   000000006fa67a80 000000002048d950
0x0000000025f8db20:   0000000024acc340 00000000020174c0
0x0000000025f8db30:   3fe0000000000000 0000000000000000
0x0000000025f8db40:   40c7760000000000 0000000000000000
0x0000000025f8db50:   3fe0000000000000 0000000000000001
0x0000000025f8db60:   0000000024acd340 000000006ea45d24
0x0000000025f8db70:   3f40624dd2f1a9fc 0000000000000000
0x0000000025f8db80:   0000000000000000 0000000000000000
0x0000000025f8db90:   0000000000000000 0000000000000000
0x0000000025f8dba0:   0000000024ad6240 000000006fab7320
0x0000000025f8dbb0:   0000000002000002 0000000024ac9de0
0x0000000025f8dbc0:   0000000000000001 000000002048d090
0x0000000025f8dbd0:   000000002048d110 0000000000000000 

Instructions: (pc=0x000000006ee76520)
0x000000006ee76500:   c4 e3 5d 0c c0 55 c5 e4 5c c8 c5 e4 58 c0 c5 fc
0x000000006ee76510:   29 01 c5 fc 29 49 20 c3 0f 1f 84 00 00 00 00 00
0x000000006ee76520:   c5 fc 28 51 40 c5 fc 28 59 60 c5 ec 5c fb c5 ec
0x000000006ee76530:   58 d3 c5 c4 57 3d 26 41 84 00 c5 ec c6 df be c5 


Register to memory mapping:

RAX=0x000000002048d950 is an unknown value
RBX=0x0000000024ac9e80 is an unknown value
RCX=0x000000002048d950 is an unknown value
RDX=0x0000000000000009 is an unknown value
RSP=0x0000000025f8dae0 is pointing into the stack for thread: 0x000000001dc83800
RBP=0x000000002048d090 is an unknown value
RSI=0x000000002048e950 is an unknown value
RDI=0x0000000000000004 is an unknown value
R8 =0x000000006ee77580 is an unknown value
R9 =0x000000006ee76490 is an unknown value
R10=0x00000000204906e0 is an unknown value
R11=0x00000000249b5960 is an unknown value
R12=0x00000000249b6160 is an unknown value
R13=0x0000000000000004 is an unknown value
R14=0x0000000000000184 is an unknown value
R15=0x000000006fab8f20 is an unknown value


Stack: [0x0000000025e90000,0x0000000025f90000],  sp=0x0000000025f8dae0,  free space=1014k
Native frames: (J=compiled Java code, j=interpreted, Vv=VM code, C=native code)
C  [xuggle3778672375628041284.dll+0x736520]

Java frames: (J=compiled Java code, j=interpreted, Vv=VM code)
j  com.xuggle.xuggler.XugglerJNI.IContainer_open__SWIG_1(JLcom/xuggle/xuggler/IContainer;Ljava/lang/String;IJLcom/xuggle/xuggler/IContainerFormat;ZZ)I+0
j  com.xuggle.xuggler.IContainer.open(Ljava/lang/String;Lcom/xuggle/xuggler/IContainer$Type;Lcom/xuggle/xuggler/IContainerFormat;ZZ)I+19
j  com.xuggle.mediatool.MediaReader.open()V+20
j  com.xuggle.mediatool.MediaReader.readPacket()Lcom/xuggle/xuggler/IError;+8
j  ServerClass.run()V+55
j  java.lang.Thread.run()V+11
v  ~StubRoutines::call_stub

---------------  P R O C E S S  ---------------

Java Threads: ( => current thread )
=>0x000000001dc83800 JavaThread "Thread-2" [_thread_in_native, id=5228, stack(0x0000000025e90000,0x0000000025f90000)]
  0x000000001eccc000 JavaThread "Java2D Disposer" daemon [_thread_blocked, id=11172, stack(0x00000000237e0000,0x00000000238e0000)]
  0x000000001dd5b000 JavaThread "Thread-0" [_thread_in_native, id=2988, stack(0x000000001e7c0000,0x000000001e8c0000)]
  0x000000001dcd2000 JavaThread "Service Thread" daemon [_thread_blocked, id=13504, stack(0x000000001e5c0000,0x000000001e6c0000)]
  0x000000001dc4c800 JavaThread "C1 CompilerThread3" daemon [_thread_blocked, id=13088, stack(0x000000001e4c0000,0x000000001e5c0000)]
  0x000000001dc3d000 JavaThread "C2 CompilerThread2" daemon [_thread_blocked, id=7172, stack(0x000000001e3c0000,0x000000001e4c0000)]
  0x000000001dc3b000 JavaThread "C2 CompilerThread1" daemon [_thread_blocked, id=11464, stack(0x000000001e2c0000,0x000000001e3c0000)]
  0x000000001dc35800 JavaThread "C2 CompilerThread0" daemon [_thread_blocked, id=12884, stack(0x000000001e1c0000,0x000000001e2c0000)]
  0x000000001dc34000 JavaThread "Attach Listener" daemon [_thread_blocked, id=2204, stack(0x000000001e0c0000,0x000000001e1c0000)]
  0x000000001dc32800 JavaThread "Signal Dispatcher" daemon [_thread_blocked, id=8296, stack(0x000000001dfc0000,0x000000001e0c0000)]
  0x0000000002089000 JavaThread "Finalizer" daemon [_thread_blocked, id=12664, stack(0x000000001d9c0000,0x000000001dac0000)]
  0x0000000002082000 JavaThread "Reference Handler" daemon [_thread_blocked, id=10380, stack(0x000000001d8c0000,0x000000001d9c0000)]
  0x0000000001f90800 JavaThread "main" [_thread_in_native, id=13060, stack(0x0000000001e90000,0x0000000001f90000)]

Other Threads:
  0x000000001bae9800 VMThread [stack: 0x000000001d7c0000,0x000000001d8c0000] [id=3148]
  0x000000001dd43000 WatcherThread [stack: 0x000000001e6c0000,0x000000001e7c0000] [id=6688]

VM state:not at safepoint (normal execution)

VM Mutex/Monitor currently owned by a thread: None

Heap:
 PSYoungGen      total 88576K, used 81421K [0x000000076b180000, 0x0000000771980000, 0x00000007c0000000)
  eden space 88064K, 92% used [0x000000076b180000,0x00000007700cb5c8,0x0000000770780000)
  from space 512K, 43% used [0x0000000770a00000,0x0000000770a38000,0x0000000770a80000)
  to   space 9216K, 0% used [0x0000000771080000,0x0000000771080000,0x0000000771980000)
 ParOldGen       total 175104K, used 31450K [0x00000006c1400000, 0x00000006cbf00000, 0x000000076b180000)
  object space 175104K, 17% used [0x00000006c1400000,0x00000006c32b69c0,0x00000006cbf00000)
 Metaspace       used 7914K, capacity 8034K, committed 8064K, reserved 1056768K
  class space    used 840K, capacity 889K, committed 896K, reserved 1048576K

Card table byte_map: [0x0000000011450000,0x0000000011c50000] byte_map_base: 0x000000000de46000

Marking Bits: (ParMarkBitMap*) 0x0000000068dfa5b0
 Begin Bits: [0x00000000129a0000, 0x0000000016950000)
 End Bits:   [0x0000000016950000, 0x000000001a900000)

Polling page: 0x00000000006c0000

CodeCache: size=245760Kb used=3520Kb max_used=3595Kb free=242239Kb
 bounds [0x0000000002090000, 0x0000000002420000, 0x0000000011090000]
 total_blobs=1452 nmethods=1057 adapters=308
 compilation: enabled

Compilation events (10 events):
Event: 73.353 Thread 0x000000001dc4c800 1170       3       java.lang.Character::isUpperCase (25 bytes)
Event: 73.353 Thread 0x000000001dc4c800 nmethod 1170 0x000000000237ec10 code [0x000000000237edc0, 0x000000000237f1d8]
Event: 73.353 Thread 0x000000001dc4c800 1171       3       java.lang.CharacterDataLatin1::isOtherUppercase (18 bytes)
Event: 73.353 Thread 0x000000001dc4c800 nmethod 1171 0x0000000002321510 code [0x0000000002321680, 0x00000000023218d0]
Event: 73.353 Thread 0x000000001dc4c800 1172       3       java.lang.CharacterDataLatin1::getPropertiesEx (11 bytes)
Event: 73.353 Thread 0x000000001dc4c800 nmethod 1172 0x00000000021dec90 code [0x00000000021dede0, 0x00000000021def70]
Event: 73.353 Thread 0x000000001dc4c800 1173       3       java.util.Formatter$Conversion::isText (32 bytes)
Event: 73.353 Thread 0x000000001dc4c800 nmethod 1173 0x00000000021aa550 code [0x00000000021aa6a0, 0x00000000021aa7f0]
Event: 73.730 Thread 0x000000001dc3d000 1175       4       java.util.HashMap$HashIterator::hasNext (13 bytes)
Event: 73.730 Thread 0x000000001dc3d000 nmethod 1175 0x00000000022dd450 code [0x00000000022dd580, 0x00000000022dd5f8]

GC Heap History (10 events):
Event: 72.579 GC heap before
{Heap before GC invocations=291 (full 0):
 PSYoungGen      total 109568K, used 100816K [0x000000076b180000, 0x0000000772500000, 0x00000007c0000000)
  eden space 100864K, 99% used [0x000000076b180000,0x00000007713ac3b8,0x0000000771400000)
  from space 8704K, 3% used [0x0000000771c80000,0x0000000771cc8000,0x0000000772500000)
  to   space 8704K, 0% used [0x0000000771400000,0x0000000771400000,0x0000000771c80000)
 ParOldGen       total 175104K, used 31234K [0x00000006c1400000, 0x00000006cbf00000, 0x000000076b180000)
  object space 175104K, 17% used [0x00000006c1400000,0x00000006c32809c0,0x00000006cbf00000)
 Metaspace       used 7914K, capacity 8034K, committed 8064K, reserved 1056768K
  class space    used 840K, capacity 889K, committed 896K, reserved 1048576K
Event: 72.580 GC heap after
Heap after GC invocations=291 (full 0):
 PSYoungGen      total 100864K, used 2354K [0x000000076b180000, 0x0000000772280000, 0x00000007c0000000)
  eden space 98304K, 0% used [0x000000076b180000,0x000000076b180000,0x0000000771180000)
  from space 2560K, 91% used [0x0000000771400000,0x000000077164c880,0x0000000771680000)
  to   space 8704K, 0% used [0x0000000771a00000,0x0000000771a00000,0x0000000772280000)
 ParOldGen       total 175104K, used 31274K [0x00000006c1400000, 0x00000006cbf00000, 0x000000076b180000)
  object space 175104K, 17% used [0x00000006c1400000,0x00000006c328a9c0,0x00000006cbf00000)
 Metaspace       used 7914K, capacity 8034K, committed 8064K, reserved 1056768K
  class space    used 840K, capacity 889K, committed 896K, reserved 1048576K
}
Event: 73.026 GC heap before
{Heap before GC invocations=292 (full 0):
 PSYoungGen      total 100864K, used 98910K [0x000000076b180000, 0x0000000772280000, 0x00000007c0000000)
  eden space 98304K, 98% used [0x000000076b180000,0x0000000770fcb338,0x0000000771180000)
  from space 2560K, 91% used [0x0000000771400000,0x000000077164c880,0x0000000771680000)
  to   space 8704K, 0% used [0x0000000771a00000,0x0000000771a00000,0x0000000772280000)
 ParOldGen       total 175104K, used 31274K [0x00000006c1400000, 0x00000006cbf00000, 0x000000076b180000)
  object space 175104K, 17% used [0x00000006c1400000,0x00000006c328a9c0,0x00000006cbf00000)
 Metaspace       used 7914K, capacity 8034K, committed 8064K, reserved 1056768K
  class space    used 840K, capacity 889K, committed 896K, reserved 1048576K
Event: 73.028 GC heap after
Heap after GC invocations=292 (full 0):
 PSYoungGen      total 101888K, used 5485K [0x000000076b180000, 0x0000000772000000, 0x00000007c0000000)
  eden space 95744K, 0% used [0x000000076b180000,0x000000076b180000,0x0000000770f00000)
  from space 6144K, 89% used [0x0000000771a00000,0x0000000771f5b4c0,0x0000000772000000)
  to   space 8704K, 0% used [0x0000000770f00000,0x0000000770f00000,0x0000000771780000)
 ParOldGen       total 175104K, used 31330K [0x00000006c1400000, 0x00000006cbf00000, 0x000000076b180000)
  object space 175104K, 17% used [0x00000006c1400000,0x00000006c32989c0,0x00000006cbf00000)
 Metaspace       used 7914K, capacity 8034K, committed 8064K, reserved 1056768K
  class space    used 840K, capacity 889K, committed 896K, reserved 1048576K
}
Event: 73.351 GC heap before
{Heap before GC invocations=293 (full 0):
 PSYoungGen      total 101888K, used 100409K [0x000000076b180000, 0x0000000772000000, 0x00000007c0000000)
  eden space 95744K, 99% used [0x000000076b180000,0x0000000770e330a0,0x0000000770f00000)
  from space 6144K, 89% used [0x0000000771a00000,0x0000000771f5b4c0,0x0000000772000000)
  to   space 8704K, 0% used [0x0000000770f00000,0x0000000770f00000,0x0000000771780000)
 ParOldGen       total 175104K, used 31330K [0x00000006c1400000, 0x00000006cbf00000, 0x000000076b180000)
  object space 175104K, 17% used [0x00000006c1400000,0x00000006c32989c0,0x00000006cbf00000)
 Metaspace       used 7914K, capacity 8034K, committed 8064K, reserved 1056768K
  class space    used 840K, capacity 889K, committed 896K, reserved 1048576K
Event: 73.352 GC heap after
Heap after GC invocations=293 (full 0):
 PSYoungGen      total 98816K, used 5549K [0x000000076b180000, 0x0000000771e80000, 0x00000007c0000000)
  eden space 93184K, 0% used [0x000000076b180000,0x000000076b180000,0x0000000770c80000)
  from space 5632K, 98% used [0x0000000770f00000,0x000000077146b4c0,0x0000000771480000)
  to   space 9216K, 0% used [0x0000000771580000,0x0000000771580000,0x0000000771e80000)
 ParOldGen       total 175104K, used 31378K [0x00000006c1400000, 0x00000006cbf00000, 0x000000076b180000)
  object space 175104K, 17% used [0x00000006c1400000,0x00000006c32a49c0,0x00000006cbf00000)
 Metaspace       used 7914K, capacity 8034K, committed 8064K, reserved 1056768K
  class space    used 840K, capacity 889K, committed 896K, reserved 1048576K
}
Event: 73.681 GC heap before
{Heap before GC invocations=294 (full 0):
 PSYoungGen      total 98816K, used 97944K [0x000000076b180000, 0x0000000771e80000, 0x00000007c0000000)
  eden space 93184K, 99% used [0x000000076b180000,0x0000000770bbac18,0x0000000770c80000)
  from space 5632K, 98% used [0x0000000770f00000,0x000000077146b4c0,0x0000000771480000)
  to   space 9216K, 0% used [0x0000000771580000,0x0000000771580000,0x0000000771e80000)
 ParOldGen       total 175104K, used 31378K [0x00000006c1400000, 0x00000006cbf00000, 0x000000076b180000)
  object space 175104K, 17% used [0x00000006c1400000,0x00000006c32a49c0,0x00000006cbf00000)
 Metaspace       used 7914K, capacity 8034K, committed 8064K, reserved 1056768K
  class space    used 840K, capacity 889K, committed 896K, reserved 1048576K
Event: 73.682 GC heap after
Heap after GC invocations=294 (full 0):
 PSYoungGen      total 97280K, used 192K [0x000000076b180000, 0x0000000771c00000, 0x00000007c0000000)
  eden space 90624K, 0% used [0x000000076b180000,0x000000076b180000,0x0000000770a00000)
  from space 6656K, 2% used [0x0000000771580000,0x00000007715b0000,0x0000000771c00000)
  to   space 9216K, 0% used [0x0000000770a00000,0x0000000770a00000,0x0000000771300000)
 ParOldGen       total 175104K, used 31410K [0x00000006c1400000, 0x00000006cbf00000, 0x000000076b180000)
  object space 175104K, 17% used [0x00000006c1400000,0x00000006c32ac9c0,0x00000006cbf00000)
 Metaspace       used 7914K, capacity 8034K, committed 8064K, reserved 1056768K
  class space    used 840K, capacity 889K, committed 896K, reserved 1048576K
}
Event: 73.985 GC heap before
{Heap before GC invocations=295 (full 0):
 PSYoungGen      total 97280K, used 90751K [0x000000076b180000, 0x0000000771c00000, 0x00000007c0000000)
  eden space 90624K, 99% used [0x000000076b180000,0x00000007709efdd0,0x0000000770a00000)
  from space 6656K, 2% used [0x0000000771580000,0x00000007715b0000,0x0000000771c00000)
  to   space 9216K, 0% used [0x0000000770a00000,0x0000000770a00000,0x0000000771300000)
 ParOldGen       total 175104K, used 31410K [0x00000006c1400000, 0x00000006cbf00000, 0x000000076b180000)
  object space 175104K, 17% used [0x00000006c1400000,0x00000006c32ac9c0,0x00000006cbf00000)
 Metaspace       used 7914K, capacity 8034K, committed 8064K, reserved 1056768K
  class space    used 840K, capacity 889K, committed 896K, reserved 1048576K
Event: 73.986 GC heap after
Heap after GC invocations=295 (full 0):
 PSYoungGen      total 88576K, used 224K [0x000000076b180000, 0x0000000771980000, 0x00000007c0000000)
  eden space 88064K, 0% used [0x000000076b180000,0x000000076b180000,0x0000000770780000)
  from space 512K, 43% used [0x0000000770a00000,0x0000000770a38000,0x0000000770a80000)
  to   space 9216K, 0% used [0x0000000771080000,0x0000000771080000,0x0000000771980000)
 ParOldGen       total 175104K, used 31450K [0x00000006c1400000, 0x00000006cbf00000, 0x000000076b180000)
  object space 175104K, 17% used [0x00000006c1400000,0x00000006c32b69c0,0x00000006cbf00000)
 Metaspace       used 7914K, capacity 8034K, committed 8064K, reserved 1056768K
  class space    used 840K, capacity 889K, committed 896K, reserved 1048576K
}

Deoptimization events (7 events):
Event: 7.291 Thread 0x000000001dd5b000 Uncommon trap: reason=unstable_if action=reinterpret pc=0x0000000002213a6c method=java.util.zip.InflaterInputStream.read([BII)I @ 69
Event: 74.090 Thread 0x000000001dc83800 Uncommon trap: reason=class_check action=maybe_recompile pc=0x0000000002346f30 method=java.util.regex.Matcher.getTextLength()I @ 4
Event: 74.090 Thread 0x000000001dc83800 Uncommon trap: reason=class_check action=maybe_recompile pc=0x0000000002346f30 method=java.util.regex.Matcher.getTextLength()I @ 4
Event: 74.112 Thread 0x000000001dc83800 Uncommon trap: reason=class_check action=maybe_recompile pc=0x0000000002346f30 method=java.util.regex.Matcher.getTextLength()I @ 4
Event: 74.112 Thread 0x000000001dc83800 Uncommon trap: reason=predicate action=maybe_recompile pc=0x00000000021ec7ac method=java.util.regex.Pattern$Start.match(Ljava/util/regex/Matcher;ILjava/lang/CharSequence;)Z @ 37
Event: 74.112 Thread 0x000000001dc83800 Uncommon trap: reason=class_check action=maybe_recompile pc=0x0000000002346f30 method=java.util.regex.Matcher.getTextLength()I @ 4
Event: 74.112 Thread 0x000000001dc83800 Uncommon trap: reason=unstable_if action=reinterpret pc=0x00000000023e7710 method=com.xuggle.mediatool.MediaReader.readPacket()Lcom/xuggle/xuggler/IError; @ 4

Internal exceptions (10 events):
Event: 0.064 Thread 0x0000000001f90800 Exception <a 'java/security/PrivilegedActionException'> (0x000000076b20e530) thrown at [C:\workspace\8-2-build-windows-amd64-cygwin\jdk8u65\4987\hotspot\src\share\vm\prims\jvm.cpp, line 1386]
Event: 0.064 Thread 0x0000000001f90800 Exception <a 'java/security/PrivilegedActionException'> (0x000000076b20e740) thrown at [C:\workspace\8-2-build-windows-amd64-cygwin\jdk8u65\4987\hotspot\src\share\vm\prims\jvm.cpp, line 1386]
Event: 7.045 Thread 0x000000001dd5b000 Exception <a 'java/security/PrivilegedActionException'> (0x000000076b57b208) thrown at [C:\workspace\8-2-build-windows-amd64-cygwin\jdk8u65\4987\hotspot\src\share\vm\prims\jvm.cpp, line 1386]
Event: 7.045 Thread 0x000000001dd5b000 Exception <a 'java/security/PrivilegedActionException'> (0x000000076b57b600) thrown at [C:\workspace\8-2-build-windows-amd64-cygwin\jdk8u65\4987\hotspot\src\share\vm\prims\jvm.cpp, line 1386]
Event: 7.045 Thread 0x000000001dd5b000 Exception <a 'java/security/PrivilegedActionException'> (0x000000076b57f630) thrown at [C:\workspace\8-2-build-windows-amd64-cygwin\jdk8u65\4987\hotspot\src\share\vm\prims\jvm.cpp, line 1386]
Event: 7.045 Thread 0x000000001dd5b000 Exception <a 'java/security/PrivilegedActionException'> (0x000000076b57fa28) thrown at [C:\workspace\8-2-build-windows-amd64-cygwin\jdk8u65\4987\hotspot\src\share\vm\prims\jvm.cpp, line 1386]
Event: 7.074 Thread 0x000000001dd5b000 Exception <a 'java/lang/NoClassDefFoundError': org/slf4j/impl/StaticLoggerBinder> (0x000000076b647740) thrown at [C:\workspace\8-2-build-windows-amd64-cygwin\jdk8u65\4987\hotspot\src\share\vm\classfile\systemDictionary.cpp, line 199]
Event: 11.445 Thread 0x000000001dd5b000 Exception <a 'java/io/FileNotFoundException'> (0x000000076b91bc98) thrown at [C:\workspace\8-2-build-windows-amd64-cygwin\jdk8u65\4987\hotspot\src\share\vm\prims\jni.cpp, line 709]
Event: 11.467 Thread 0x000000001dd5b000 Exception <a 'java/lang/NoSuchFieldError': method resolution failed> (0x000000076bf1c540) thrown at [C:\workspace\8-2-build-windows-amd64-cygwin\jdk8u65\4987\hotspot\src\share\vm\prims\methodHandles.cpp, line 1146]
Event: 11.468 Thread 0x000000001dd5b000 Exception <a 'java/lang/NoSuchFieldError': method resolution failed> (0x000000076bf29c30) thrown at [C:\workspace\8-2-build-windows-amd64-cygwin\jdk8u65\4987\hotspot\src\share\vm\prims\methodHandles.cpp, line 1146]

Events (10 events):
Event: 74.112 Thread 0x000000001dc83800 DEOPT UNPACKING pc=0x00000000020d582a sp=0x0000000025f8ec80 mode 2
Event: 74.112 Thread 0x000000001dc83800 Uncommon trap: trap_request=0xffffff86 fr.pc=0x00000000021ec7ac
Event: 74.112 Thread 0x000000001dc83800 DEOPT PACKING pc=0x00000000021ec7ac sp=0x0000000025f8ecd0
Event: 74.112 Thread 0x000000001dc83800 DEOPT UNPACKING pc=0x00000000020d582a sp=0x0000000025f8ec60 mode 2
Event: 74.112 Thread 0x000000001dc83800 Uncommon trap: trap_request=0xffffffde fr.pc=0x0000000002346f30
Event: 74.112 Thread 0x000000001dc83800 DEOPT PACKING pc=0x0000000002346f30 sp=0x0000000025f8ed20
Event: 74.112 Thread 0x000000001dc83800 DEOPT UNPACKING pc=0x00000000020d582a sp=0x0000000025f8ec80 mode 2
Event: 74.112 Thread 0x000000001dc83800 Uncommon trap: trap_request=0xffffff65 fr.pc=0x00000000023e7710
Event: 74.112 Thread 0x000000001dc83800 DEOPT PACKING pc=0x00000000023e7710 sp=0x0000000025f8ee40
Event: 74.112 Thread 0x000000001dc83800 DEOPT UNPACKING pc=0x00000000020d582a sp=0x0000000025f8ee90 mode 2


Dynamic libraries:
0x00007ff6d1310000 - 0x00007ff6d1347000 	C:\Program Files\Java\jdk1.8.0_65\bin\java.exe
0x00007ffb2e240000 - 0x00007ffb2e3ed000 	C:\windows\SYSTEM32\ntdll.dll
0x00007ffb2c3f0000 - 0x00007ffb2c52e000 	C:\windows\system32\KERNEL32.DLL
0x00007ffb2b6f0000 - 0x00007ffb2b805000 	C:\windows\system32\KERNELBASE.dll
0x00007ffb29f30000 - 0x00007ffb29fbe000 	C:\windows\system32\apphelp.dll
0x00007ffb18280000 - 0x00007ffb182d3000 	C:\windows\AppPatch\AppPatch64\AcGenral.DLL
0x00007ffb2e0d0000 - 0x00007ffb2e17a000 	C:\windows\system32\msvcrt.dll
0x00007ffb2b160000 - 0x00007ffb2b18e000 	C:\windows\SYSTEM32\SspiCli.dll
0x00007ffb2c710000 - 0x00007ffb2c764000 	C:\windows\system32\SHLWAPI.dll
0x00007ffb2c9e0000 - 0x00007ffb2cb57000 	C:\windows\system32\USER32.dll
0x00007ffb2b8c0000 - 0x00007ffb2ba54000 	C:\windows\system32\ole32.dll
0x00007ffb2cb70000 - 0x00007ffb2e09a000 	C:\windows\system32\SHELL32.dll
0x00007ffb2a930000 - 0x00007ffb2a951000 	C:\windows\SYSTEM32\USERENV.dll
0x00007ffb2c7d0000 - 0x00007ffb2c87a000 	C:\windows\system32\ADVAPI32.dll
0x00007ffb18650000 - 0x00007ffb1866e000 	C:\windows\SYSTEM32\MPR.dll
0x00007ffb2c880000 - 0x00007ffb2c9c1000 	C:\windows\system32\RPCRT4.dll
0x00007ffb2e1e0000 - 0x00007ffb2e239000 	C:\windows\SYSTEM32\sechost.dll
0x00007ffb2bc50000 - 0x00007ffb2be61000 	C:\windows\SYSTEM32\combase.dll
0x00007ffb2bee0000 - 0x00007ffb2c030000 	C:\windows\system32\GDI32.dll
0x00007ffb2b390000 - 0x00007ffb2b3a5000 	C:\windows\SYSTEM32\profapi.dll
0x00007ffb298e0000 - 0x00007ffb29992000 	C:\windows\SYSTEM32\SHCORE.dll
0x00007ffb2ba60000 - 0x00007ffb2ba96000 	C:\windows\system32\IMM32.DLL
0x00007ffb2c0f0000 - 0x00007ffb2c242000 	C:\windows\system32\MSCTF.dll
0x00007ffb29460000 - 0x00007ffb296db000 	C:\windows\WinSxS\amd64_microsoft.windows.common-controls_6595b64144ccf1df_6.0.9600.18006_none_623f33d3ecbe86e8\COMCTL32.dll
0x0000000068510000 - 0x00000000685e2000 	C:\Program Files\Java\jdk1.8.0_65\jre\bin\msvcr100.dll
0x00000000685f0000 - 0x0000000068e79000 	C:\Program Files\Java\jdk1.8.0_65\jre\bin\server\jvm.dll
0x00007ffb218c0000 - 0x00007ffb218c9000 	C:\windows\SYSTEM32\WSOCK32.dll
0x00007ffb27b90000 - 0x00007ffb27bb2000 	C:\windows\SYSTEM32\WINMM.dll
0x00007ffb27bc0000 - 0x00007ffb27bca000 	C:\windows\SYSTEM32\VERSION.dll
0x00007ffb2c3e0000 - 0x00007ffb2c3e7000 	C:\windows\system32\PSAPI.DLL
0x00007ffb2c770000 - 0x00007ffb2c7ca000 	C:\windows\system32\WS2_32.dll
0x00007ffb279f0000 - 0x00007ffb27a1a000 	C:\windows\SYSTEM32\WINMMBASE.dll
0x00007ffb2cb60000 - 0x00007ffb2cb69000 	C:\windows\system32\NSI.dll
0x00007ffb2b460000 - 0x00007ffb2b4af000 	C:\windows\SYSTEM32\cfgmgr32.dll
0x00007ffb2a190000 - 0x00007ffb2a1b8000 	C:\windows\SYSTEM32\DEVOBJ.dll
0x0000000069600000 - 0x000000006960f000 	C:\Program Files\Java\jdk1.8.0_65\jre\bin\verify.dll
0x00000000695d0000 - 0x00000000695f9000 	C:\Program Files\Java\jdk1.8.0_65\jre\bin\java.dll
0x00000000695b0000 - 0x00000000695c6000 	C:\Program Files\Java\jdk1.8.0_65\jre\bin\zip.dll
0x0000000069590000 - 0x00000000695aa000 	C:\Program Files\Java\jdk1.8.0_65\jre\bin\net.dll
0x00007ffb2aba0000 - 0x00007ffb2abf9000 	C:\windows\system32\mswsock.dll
0x00007ffb2ac00000 - 0x00007ffb2ac20000 	C:\windows\SYSTEM32\CRYPTSP.dll
0x00007ffb2a820000 - 0x00007ffb2a856000 	C:\windows\system32\rsaenh.dll
0x00007ffb2ae50000 - 0x00007ffb2ae76000 	C:\windows\SYSTEM32\bcrypt.dll
0x00007ffb2b190000 - 0x00007ffb2b1f3000 	C:\windows\system32\bcryptprimitives.dll
0x00007ffb2b200000 - 0x00007ffb2b20b000 	C:\windows\SYSTEM32\CRYPTBASE.dll
0x00007ffb26750000 - 0x00007ffb2677a000 	C:\windows\SYSTEM32\IPHLPAPI.DLL
0x00007ffb25920000 - 0x00007ffb2592a000 	C:\windows\SYSTEM32\WINNSI.DLL
0x00007ffb25180000 - 0x00007ffb25196000 	C:\windows\SYSTEM32\dhcpcsvc6.DLL
0x00007ffb256b0000 - 0x00007ffb256ca000 	C:\windows\SYSTEM32\dhcpcsvc.DLL
0x00000000684f0000 - 0x0000000068501000 	C:\Program Files\Java\jdk1.8.0_65\jre\bin\nio.dll
0x000000006e740000 - 0x000000006fda5000 	C:\Users\lenovo\AppData\Local\Temp\xuggle\xuggle3778672375628041284.dll
0x00007ffb25c70000 - 0x00007ffb25c87000 	C:\windows\SYSTEM32\AVICAP32.dll
0x00007ffb28960000 - 0x00007ffb28989000 	C:\windows\SYSTEM32\MSVFW32.dll
0x0000000068350000 - 0x00000000684e8000 	C:\Program Files\Java\jdk1.8.0_65\jre\bin\awt.dll
0x00007ffb2c310000 - 0x00007ffb2c3d1000 	C:\windows\system32\OLEAUT32.dll
0x00007ffb1a550000 - 0x00007ffb1a6d9000 	C:\windows\SYSTEM32\dbghelp.dll

VM Arguments:
jvm_args: -Dfile.encoding=UTF-8 
java_command: MultiThreadServer
java_class_path (initial): C:\Users\lenovo\Downloads\Xuggle librarys\slf4j-api-1.7.19.jar;C:\Users\lenovo\Downloads\Xuggle librarys\xuggle-xuggler-5.4.jar;C:\Users\lenovo\Downloads\ClientServerGUIMultipleBoth\Server\build\classes
Launcher Type: SUN_STANDARD

Environment Variables:
PATH=C:\ProgramData\Oracle\Java\javapath;C:\Program Files (x86)\Lenovo\FusionEngine;C:\Program Files (x86)\Intel\iCLS Client\;C:\Program Files\Intel\iCLS Client\;C:\windows\system32;C:\windows;C:\windows\System32\Wbem;C:\windows\System32\WindowsPowerShell\v1.0\;C:\Program Files\Intel\Intel(R) Management Engine Components\DAL;C:\Program Files\Intel\Intel(R) Management Engine Components\IPT;C:\Program Files (x86)\Intel\Intel(R) Management Engine Components\DAL;C:\Program Files (x86)\Intel\Intel(R) Management Engine Components\IPT;C:\Program Files\Intel\WiFi\bin\;C:\Program Files\Common Files\Intel\WirelessCommon\;C:\Program Files (x86)\Lenovo\Motion Control\;C:\Program Files (x86)\Common Files\lenovo\easyplussdk\bin;C:\Program Files (x86)\NVIDIA Corporation\PhysX\Common;C:\Users\lenovo\Anaconda3;C:\Users\lenovo\Anaconda3\Scripts;C:\Users\lenovo\Anaconda3\Library\bin
USERNAME=lenovo
OS=Windows_NT
PROCESSOR_IDENTIFIER=Intel64 Family 6 Model 60 Stepping 3, GenuineIntel



---------------  S Y S T E M  ---------------

OS: Windows 8.1 , 64 bit Build 9600 (6.3.9600.17415)

CPU:total 8 (4 cores per cpu, 2 threads per core) family 6 model 60 stepping 3, cmov, cx8, fxsr, mmx, sse, sse2, sse3, ssse3, sse4.1, sse4.2, popcnt, avx, avx2, aes, clmul, erms, lzcnt, ht, tsc, tscinvbit, bmi1, bmi2

Memory: 4k page, physical 16687384k(9288788k free), swap 19177752k(7010536k free)

vm_info: Java HotSpot(TM) 64-Bit Server VM (25.65-b01) for windows-amd64 JRE (1.8.0_65-b17), built on Oct  6 2015 16:39:20 by "java_re" with MS VC++ 10.0 (VS2010)

time: Wed Apr 06 19:14:56 2016
elapsed time: 74 seconds (0d 0h 1m 14s)

